ARM GAS  C:\Users\Rahul\AppData\Local\Temp\cc3vKRIg.s 			page 1


   1              		.syntax unified
   2              		.cpu cortex-m3
   3              		.fpu softvfp
   4              		.eabi_attribute 20, 1
   5              		.eabi_attribute 21, 1
   6              		.eabi_attribute 23, 3
   7              		.eabi_attribute 24, 1
   8              		.eabi_attribute 25, 1
   9              		.eabi_attribute 26, 1
  10              		.eabi_attribute 30, 1
  11              		.eabi_attribute 34, 1
  12              		.eabi_attribute 18, 4
  13              		.thumb
  14              		.file	"cymetadata.c"
  15              		.text
  16              	.Ltext0:
  17              		.cfi_sections	.debug_frame
  18              		.global	cy_metadata
  19              		.global	cy_meta_flashprotect
  20              		.global	cy_meta_wonvl
  21              		.global	cy_meta_custnvl
  22              		.global	cy_meta_configecc
  23              		.section	.cyconfigecc,"a",%progbits
  24              		.align	2
  25              		.type	cy_meta_configecc, %object
  26              		.size	cy_meta_configecc, 1168
  27              	cy_meta_configecc:
  28 0000 04       		.byte	4
  29 0001 52       		.byte	82
  30 0002 00       		.byte	0
  31 0003 40       		.byte	64
  32 0004 02       		.byte	2
  33 0005 64       		.byte	100
  34 0006 00       		.byte	0
  35 0007 40       		.byte	64
  36 0008 02       		.byte	2
  37 0009 65       		.byte	101
  38 000a 00       		.byte	0
  39 000b 40       		.byte	64
  40 000c 01       		.byte	1
  41 000d 03       		.byte	3
  42 000e 01       		.byte	1
  43 000f 40       		.byte	64
  44 0010 02       		.byte	2
  45 0011 05       		.byte	5
  46 0012 01       		.byte	1
  47 0013 40       		.byte	64
  48 0014 50       		.byte	80
  49 0015 06       		.byte	6
  50 0016 01       		.byte	1
  51 0017 40       		.byte	64
  52 0018 32       		.byte	50
  53 0019 07       		.byte	7
  54 001a 01       		.byte	1
  55 001b 40       		.byte	64
  56 001c 01       		.byte	1
  57 001d 0B       		.byte	11
ARM GAS  C:\Users\Rahul\AppData\Local\Temp\cc3vKRIg.s 			page 2


  58 001e 01       		.byte	1
  59 001f 40       		.byte	64
  60 0020 6E       		.byte	110
  61 0021 14       		.byte	20
  62 0022 01       		.byte	1
  63 0023 40       		.byte	64
  64 0024 42       		.byte	66
  65 0025 15       		.byte	21
  66 0026 01       		.byte	1
  67 0027 40       		.byte	64
  68 0028 63       		.byte	99
  69 0029 16       		.byte	22
  70 002a 01       		.byte	1
  71 002b 40       		.byte	64
  72 002c 45       		.byte	69
  73 002d 17       		.byte	23
  74 002e 01       		.byte	1
  75 002f 40       		.byte	64
  76 0030 01       		.byte	1
  77 0031 1B       		.byte	27
  78 0032 01       		.byte	1
  79 0033 40       		.byte	64
  80 0034 03       		.byte	3
  81 0035 40       		.byte	64
  82 0036 01       		.byte	1
  83 0037 40       		.byte	64
  84 0038 03       		.byte	3
  85 0039 41       		.byte	65
  86 003a 01       		.byte	1
  87 003b 40       		.byte	64
  88 003c 06       		.byte	6
  89 003d 42       		.byte	66
  90 003e 01       		.byte	1
  91 003f 40       		.byte	64
  92 0040 04       		.byte	4
  93 0041 43       		.byte	67
  94 0042 01       		.byte	1
  95 0043 40       		.byte	64
  96 0044 02       		.byte	2
  97 0045 45       		.byte	69
  98 0046 01       		.byte	1
  99 0047 40       		.byte	64
 100 0048 02       		.byte	2
 101 0049 46       		.byte	70
 102 004a 01       		.byte	1
 103 004b 40       		.byte	64
 104 004c 05       		.byte	5
 105 004d 48       		.byte	72
 106 004e 01       		.byte	1
 107 004f 40       		.byte	64
 108 0050 03       		.byte	3
 109 0051 4D       		.byte	77
 110 0052 01       		.byte	1
 111 0053 40       		.byte	64
 112 0054 04       		.byte	4
 113 0055 50       		.byte	80
 114 0056 01       		.byte	1
ARM GAS  C:\Users\Rahul\AppData\Local\Temp\cc3vKRIg.s 			page 3


 115 0057 40       		.byte	64
 116 0058 01       		.byte	1
 117 0059 51       		.byte	81
 118 005a 01       		.byte	1
 119 005b 40       		.byte	64
 120 005c 10       		.byte	16
 121 005d 02       		.byte	2
 122 005e 11       		.byte	17
 123 005f 02       		.byte	2
 124 0060 61       		.byte	97
 125 0061 84       		.byte	-124
 126 0062 64       		.byte	100
 127 0063 48       		.byte	72
 128 0064 86       		.byte	-122
 129 0065 72       		.byte	114
 130 0066 87       		.byte	-121
 131 0067 38       		.byte	56
 132 0068 85       		.byte	-123
 133 0069 0F       		.byte	15
 134 006a 87       		.byte	-121
 135 006b 0F       		.byte	15
 136 006c 82       		.byte	-126
 137 006d 01       		.byte	1
 138 006e 9E       		.byte	-98
 139 006f 01       		.byte	1
 140 0070 E0       		.byte	-32
 141 0071 02       		.byte	2
 142 0072 00       		.byte	0
 143 0073 1F       		.byte	31
 144 0074 01       		.byte	1
 145 0075 10       		.byte	16
 146 0076 02       		.byte	2
 147 0077 60       		.byte	96
 148 0078 04       		.byte	4
 149 0079 0C       		.byte	12
 150 007a 05       		.byte	5
 151 007b 08       		.byte	8
 152 007c 08       		.byte	8
 153 007d 73       		.byte	115
 154 007e 09       		.byte	9
 155 007f 18       		.byte	24
 156 0080 0A       		.byte	10
 157 0081 0C       		.byte	12
 158 0082 0C       		.byte	12
 159 0083 7F       		.byte	127
 160 0084 0F       		.byte	15
 161 0085 E3       		.byte	-29
 162 0086 11       		.byte	17
 163 0087 3C       		.byte	60
 164 0088 12       		.byte	18
 165 0089 23       		.byte	35
 166 008a 13       		.byte	19
 167 008b C2       		.byte	-62
 168 008c 14       		.byte	20
 169 008d 02       		.byte	2
 170 008e 15       		.byte	21
 171 008f E7       		.byte	-25
ARM GAS  C:\Users\Rahul\AppData\Local\Temp\cc3vKRIg.s 			page 4


 172 0090 17       		.byte	23
 173 0091 18       		.byte	24
 174 0092 18       		.byte	24
 175 0093 03       		.byte	3
 176 0094 19       		.byte	25
 177 0095 44       		.byte	68
 178 0096 1C       		.byte	28
 179 0097 1C       		.byte	28
 180 0098 1D       		.byte	29
 181 0099 1C       		.byte	28
 182 009a 1E       		.byte	30
 183 009b 63       		.byte	99
 184 009c 1F       		.byte	31
 185 009d E1       		.byte	-31
 186 009e 20       		.byte	32
 187 009f 08       		.byte	8
 188 00a0 21       		.byte	33
 189 00a1 FF       		.byte	-1
 190 00a2 24       		.byte	36
 191 00a3 04       		.byte	4
 192 00a4 25       		.byte	37
 193 00a5 C0       		.byte	-64
 194 00a6 28       		.byte	40
 195 00a7 01       		.byte	1
 196 00a8 29       		.byte	41
 197 00a9 80       		.byte	-128
 198 00aa 2F       		.byte	47
 199 00ab 04       		.byte	4
 200 00ac 30       		.byte	48
 201 00ad 2C       		.byte	44
 202 00ae 31       		.byte	49
 203 00af 1F       		.byte	31
 204 00b0 32       		.byte	50
 205 00b1 40       		.byte	64
 206 00b2 34       		.byte	52
 207 00b3 0F       		.byte	15
 208 00b4 35       		.byte	53
 209 00b5 38       		.byte	56
 210 00b6 36       		.byte	54
 211 00b7 10       		.byte	16
 212 00b8 37       		.byte	55
 213 00b9 C0       		.byte	-64
 214 00ba 38       		.byte	56
 215 00bb 08       		.byte	8
 216 00bc 3A       		.byte	58
 217 00bd 22       		.byte	34
 218 00be 3B       		.byte	59
 219 00bf 0A       		.byte	10
 220 00c0 3E       		.byte	62
 221 00c1 40       		.byte	64
 222 00c2 56       		.byte	86
 223 00c3 02       		.byte	2
 224 00c4 57       		.byte	87
 225 00c5 13       		.byte	19
 226 00c6 58       		.byte	88
 227 00c7 04       		.byte	4
 228 00c8 59       		.byte	89
ARM GAS  C:\Users\Rahul\AppData\Local\Temp\cc3vKRIg.s 			page 5


 229 00c9 04       		.byte	4
 230 00ca 5B       		.byte	91
 231 00cb 04       		.byte	4
 232 00cc 5C       		.byte	92
 233 00cd 11       		.byte	17
 234 00ce 5D       		.byte	93
 235 00cf 10       		.byte	16
 236 00d0 5F       		.byte	95
 237 00d1 01       		.byte	1
 238 00d2 90       		.byte	-112
 239 00d3 02       		.byte	2
 240 00d4 97       		.byte	-105
 241 00d5 01       		.byte	1
 242 00d6 9B       		.byte	-101
 243 00d7 01       		.byte	1
 244 00d8 AA       		.byte	-86
 245 00d9 01       		.byte	1
 246 00da B0       		.byte	-80
 247 00db 02       		.byte	2
 248 00dc B6       		.byte	-74
 249 00dd 01       		.byte	1
 250 00de B7       		.byte	-73
 251 00df 01       		.byte	1
 252 00e0 BE       		.byte	-66
 253 00e1 01       		.byte	1
 254 00e2 BF       		.byte	-65
 255 00e3 40       		.byte	64
 256 00e4 C0       		.byte	-64
 257 00e5 06       		.byte	6
 258 00e6 C5       		.byte	-59
 259 00e7 04       		.byte	4
 260 00e8 C9       		.byte	-55
 261 00e9 FF       		.byte	-1
 262 00ea CA       		.byte	-54
 263 00eb 07       		.byte	7
 264 00ec CB       		.byte	-53
 265 00ed FF       		.byte	-1
 266 00ee CC       		.byte	-52
 267 00ef 40       		.byte	64
 268 00f0 CD       		.byte	-51
 269 00f1 20       		.byte	32
 270 00f2 CE       		.byte	-50
 271 00f3 F0       		.byte	-16
 272 00f4 CF       		.byte	-49
 273 00f5 05       		.byte	5
 274 00f6 D0       		.byte	-48
 275 00f7 08       		.byte	8
 276 00f8 D4       		.byte	-44
 277 00f9 18       		.byte	24
 278 00fa D6       		.byte	-42
 279 00fb 04       		.byte	4
 280 00fc D8       		.byte	-40
 281 00fd 04       		.byte	4
 282 00fe D9       		.byte	-39
 283 00ff 04       		.byte	4
 284 0100 DA       		.byte	-38
 285 0101 04       		.byte	4
ARM GAS  C:\Users\Rahul\AppData\Local\Temp\cc3vKRIg.s 			page 6


 286 0102 DB       		.byte	-37
 287 0103 04       		.byte	4
 288 0104 DC       		.byte	-36
 289 0105 01       		.byte	1
 290 0106 DD       		.byte	-35
 291 0107 10       		.byte	16
 292 0108 DF       		.byte	-33
 293 0109 01       		.byte	1
 294 010a E0       		.byte	-32
 295 010b 40       		.byte	64
 296 010c E1       		.byte	-31
 297 010d A8       		.byte	-88
 298 010e E2       		.byte	-30
 299 010f 40       		.byte	64
 300 0110 E3       		.byte	-29
 301 0111 20       		.byte	32
 302 0112 04       		.byte	4
 303 0113 40       		.byte	64
 304 0114 05       		.byte	5
 305 0115 11       		.byte	17
 306 0116 06       		.byte	6
 307 0117 20       		.byte	32
 308 0118 07       		.byte	7
 309 0119 40       		.byte	64
 310 011a 0B       		.byte	11
 311 011b 40       		.byte	64
 312 011c 0E       		.byte	14
 313 011d 56       		.byte	86
 314 011e 13       		.byte	19
 315 011f 20       		.byte	32
 316 0120 17       		.byte	23
 317 0121 2A       		.byte	42
 318 0122 19       		.byte	25
 319 0123 80       		.byte	-128
 320 0124 1B       		.byte	27
 321 0125 01       		.byte	1
 322 0126 1C       		.byte	28
 323 0127 10       		.byte	16
 324 0128 1D       		.byte	29
 325 0129 11       		.byte	17
 326 012a 1E       		.byte	30
 327 012b 01       		.byte	1
 328 012c 22       		.byte	34
 329 012d 80       		.byte	-128
 330 012e 25       		.byte	37
 331 012f 20       		.byte	32
 332 0130 26       		.byte	38
 333 0131 0D       		.byte	13
 334 0132 27       		.byte	39
 335 0133 01       		.byte	1
 336 0134 28       		.byte	40
 337 0135 04       		.byte	4
 338 0136 29       		.byte	41
 339 0137 10       		.byte	16
 340 0138 2A       		.byte	42
 341 0139 10       		.byte	16
 342 013a 2D       		.byte	45
ARM GAS  C:\Users\Rahul\AppData\Local\Temp\cc3vKRIg.s 			page 7


 343 013b 82       		.byte	-126
 344 013c 2E       		.byte	46
 345 013d 14       		.byte	20
 346 013e 31       		.byte	49
 347 013f 20       		.byte	32
 348 0140 33       		.byte	51
 349 0141 08       		.byte	8
 350 0142 34       		.byte	52
 351 0143 04       		.byte	4
 352 0144 36       		.byte	54
 353 0145 01       		.byte	1
 354 0146 37       		.byte	55
 355 0147 60       		.byte	96
 356 0148 3E       		.byte	62
 357 0149 6A       		.byte	106
 358 014a 48       		.byte	72
 359 014b 14       		.byte	20
 360 014c 50       		.byte	80
 361 014d 08       		.byte	8
 362 014e 5B       		.byte	91
 363 014f 01       		.byte	1
 364 0150 5E       		.byte	94
 365 0151 01       		.byte	1
 366 0152 60       		.byte	96
 367 0153 04       		.byte	4
 368 0154 62       		.byte	98
 369 0155 81       		.byte	-127
 370 0156 6D       		.byte	109
 371 0157 40       		.byte	64
 372 0158 6F       		.byte	111
 373 0159 14       		.byte	20
 374 015a 76       		.byte	118
 375 015b 2A       		.byte	42
 376 015c 77       		.byte	119
 377 015d 0A       		.byte	10
 378 015e 9B       		.byte	-101
 379 015f 20       		.byte	32
 380 0160 9E       		.byte	-98
 381 0161 01       		.byte	1
 382 0162 AB       		.byte	-85
 383 0163 20       		.byte	32
 384 0164 C0       		.byte	-64
 385 0165 F0       		.byte	-16
 386 0166 C2       		.byte	-62
 387 0167 F8       		.byte	-8
 388 0168 C4       		.byte	-60
 389 0169 72       		.byte	114
 390 016a CA       		.byte	-54
 391 016b F0       		.byte	-16
 392 016c CC       		.byte	-52
 393 016d F6       		.byte	-10
 394 016e CE       		.byte	-50
 395 016f F0       		.byte	-16
 396 0170 D2       		.byte	-46
 397 0171 04       		.byte	4
 398 0172 D6       		.byte	-42
 399 0173 81       		.byte	-127
ARM GAS  C:\Users\Rahul\AppData\Local\Temp\cc3vKRIg.s 			page 8


 400 0174 D8       		.byte	-40
 401 0175 0D       		.byte	13
 402 0176 E0       		.byte	-32
 403 0177 02       		.byte	2
 404 0178 00       		.byte	0
 405 0179 13       		.byte	19
 406 017a 01       		.byte	1
 407 017b 40       		.byte	64
 408 017c 02       		.byte	2
 409 017d 0C       		.byte	12
 410 017e 05       		.byte	5
 411 017f 60       		.byte	96
 412 0180 09       		.byte	9
 413 0181 14       		.byte	20
 414 0182 0D       		.byte	13
 415 0183 09       		.byte	9
 416 0184 0F       		.byte	15
 417 0185 10       		.byte	16
 418 0186 13       		.byte	19
 419 0187 03       		.byte	3
 420 0188 14       		.byte	20
 421 0189 03       		.byte	3
 422 018a 16       		.byte	22
 423 018b 04       		.byte	4
 424 018c 17       		.byte	23
 425 018d 20       		.byte	32
 426 018e 19       		.byte	25
 427 018f 10       		.byte	16
 428 0190 1A       		.byte	26
 429 0191 08       		.byte	8
 430 0192 1C       		.byte	28
 431 0193 0A       		.byte	10
 432 0194 1D       		.byte	29
 433 0195 10       		.byte	16
 434 0196 1E       		.byte	30
 435 0197 14       		.byte	20
 436 0198 1F       		.byte	31
 437 0199 0C       		.byte	12
 438 019a 21       		.byte	33
 439 019b 60       		.byte	96
 440 019c 24       		.byte	36
 441 019d 13       		.byte	19
 442 019e 25       		.byte	37
 443 019f 0C       		.byte	12
 444 01a0 26       		.byte	38
 445 01a1 04       		.byte	4
 446 01a2 27       		.byte	39
 447 01a3 11       		.byte	17
 448 01a4 28       		.byte	40
 449 01a5 20       		.byte	32
 450 01a6 29       		.byte	41
 451 01a7 1C       		.byte	28
 452 01a8 2A       		.byte	42
 453 01a9 05       		.byte	5
 454 01aa 2B       		.byte	43
 455 01ab 02       		.byte	2
 456 01ac 30       		.byte	48
ARM GAS  C:\Users\Rahul\AppData\Local\Temp\cc3vKRIg.s 			page 9


 457 01ad 0F       		.byte	15
 458 01ae 31       		.byte	49
 459 01af 1F       		.byte	31
 460 01b0 34       		.byte	52
 461 01b1 30       		.byte	48
 462 01b2 35       		.byte	53
 463 01b3 60       		.byte	96
 464 01b4 38       		.byte	56
 465 01b5 20       		.byte	32
 466 01b6 39       		.byte	57
 467 01b7 20       		.byte	32
 468 01b8 3A       		.byte	58
 469 01b9 02       		.byte	2
 470 01ba 3F       		.byte	63
 471 01bb 10       		.byte	16
 472 01bc 40       		.byte	64
 473 01bd 02       		.byte	2
 474 01be 45       		.byte	69
 475 01bf 04       		.byte	4
 476 01c0 49       		.byte	73
 477 01c1 FF       		.byte	-1
 478 01c2 4A       		.byte	74
 479 01c3 07       		.byte	7
 480 01c4 4B       		.byte	75
 481 01c5 FF       		.byte	-1
 482 01c6 4C       		.byte	76
 483 01c7 40       		.byte	64
 484 01c8 4D       		.byte	77
 485 01c9 20       		.byte	32
 486 01ca 4E       		.byte	78
 487 01cb F0       		.byte	-16
 488 01cc 4F       		.byte	79
 489 01cd 05       		.byte	5
 490 01ce 50       		.byte	80
 491 01cf 08       		.byte	8
 492 01d0 58       		.byte	88
 493 01d1 04       		.byte	4
 494 01d2 59       		.byte	89
 495 01d3 04       		.byte	4
 496 01d4 5A       		.byte	90
 497 01d5 04       		.byte	4
 498 01d6 5C       		.byte	92
 499 01d7 10       		.byte	16
 500 01d8 5D       		.byte	93
 501 01d9 01       		.byte	1
 502 01da 5F       		.byte	95
 503 01db 01       		.byte	1
 504 01dc 60       		.byte	96
 505 01dd 40       		.byte	64
 506 01de 61       		.byte	97
 507 01df A8       		.byte	-88
 508 01e0 62       		.byte	98
 509 01e1 40       		.byte	64
 510 01e2 63       		.byte	99
 511 01e3 20       		.byte	32
 512 01e4 81       		.byte	-127
 513 01e5 40       		.byte	64
ARM GAS  C:\Users\Rahul\AppData\Local\Temp\cc3vKRIg.s 			page 10


 514 01e6 85       		.byte	-123
 515 01e7 03       		.byte	3
 516 01e8 87       		.byte	-121
 517 01e9 84       		.byte	-124
 518 01ea 88       		.byte	-120
 519 01eb 40       		.byte	64
 520 01ec 8A       		.byte	-118
 521 01ed 03       		.byte	3
 522 01ee 8C       		.byte	-116
 523 01ef 21       		.byte	33
 524 01f0 8E       		.byte	-114
 525 01f1 16       		.byte	22
 526 01f2 94       		.byte	-108
 527 01f3 1C       		.byte	28
 528 01f4 96       		.byte	-106
 529 01f5 23       		.byte	35
 530 01f6 97       		.byte	-105
 531 01f7 95       		.byte	-107
 532 01f8 9A       		.byte	-102
 533 01f9 08       		.byte	8
 534 01fa 9D       		.byte	-99
 535 01fb B3       		.byte	-77
 536 01fc 9E       		.byte	-98
 537 01fd 1C       		.byte	28
 538 01fe 9F       		.byte	-97
 539 01ff 0C       		.byte	12
 540 0200 A3       		.byte	-93
 541 0201 08       		.byte	8
 542 0202 A5       		.byte	-91
 543 0203 B3       		.byte	-77
 544 0204 A7       		.byte	-89
 545 0205 04       		.byte	4
 546 0206 A8       		.byte	-88
 547 0207 21       		.byte	33
 548 0208 A9       		.byte	-87
 549 0209 2A       		.byte	42
 550 020a AA       		.byte	-86
 551 020b 0E       		.byte	14
 552 020c AB       		.byte	-85
 553 020d 84       		.byte	-124
 554 020e B1       		.byte	-79
 555 020f 80       		.byte	-128
 556 0210 B2       		.byte	-78
 557 0211 0F       		.byte	15
 558 0212 B3       		.byte	-77
 559 0213 30       		.byte	48
 560 0214 B4       		.byte	-76
 561 0215 1A       		.byte	26
 562 0216 B5       		.byte	-75
 563 0217 40       		.byte	64
 564 0218 B6       		.byte	-74
 565 0219 60       		.byte	96
 566 021a B7       		.byte	-73
 567 021b 0F       		.byte	15
 568 021c B8       		.byte	-72
 569 021d 80       		.byte	-128
 570 021e B9       		.byte	-71
ARM GAS  C:\Users\Rahul\AppData\Local\Temp\cc3vKRIg.s 			page 11


 571 021f 08       		.byte	8
 572 0220 BA       		.byte	-70
 573 0221 28       		.byte	40
 574 0222 BB       		.byte	-69
 575 0223 80       		.byte	-128
 576 0224 BF       		.byte	-65
 577 0225 15       		.byte	21
 578 0226 C0       		.byte	-64
 579 0227 46       		.byte	70
 580 0228 C1       		.byte	-63
 581 0229 02       		.byte	2
 582 022a C5       		.byte	-59
 583 022b 0C       		.byte	12
 584 022c C6       		.byte	-58
 585 022d B0       		.byte	-80
 586 022e C7       		.byte	-57
 587 022f E0       		.byte	-32
 588 0230 C8       		.byte	-56
 589 0231 29       		.byte	41
 590 0232 C9       		.byte	-55
 591 0233 FF       		.byte	-1
 592 0234 CA       		.byte	-54
 593 0235 FF       		.byte	-1
 594 0236 CB       		.byte	-53
 595 0237 FF       		.byte	-1
 596 0238 CE       		.byte	-50
 597 0239 F0       		.byte	-16
 598 023a CF       		.byte	-49
 599 023b 44       		.byte	68
 600 023c D0       		.byte	-48
 601 023d 0C       		.byte	12
 602 023e D4       		.byte	-44
 603 023f 01       		.byte	1
 604 0240 D8       		.byte	-40
 605 0241 04       		.byte	4
 606 0242 D9       		.byte	-39
 607 0243 04       		.byte	4
 608 0244 DA       		.byte	-38
 609 0245 04       		.byte	4
 610 0246 DB       		.byte	-37
 611 0247 04       		.byte	4
 612 0248 DC       		.byte	-36
 613 0249 11       		.byte	17
 614 024a DD       		.byte	-35
 615 024b 11       		.byte	17
 616 024c DF       		.byte	-33
 617 024d 01       		.byte	1
 618 024e E6       		.byte	-26
 619 024f C0       		.byte	-64
 620 0250 EA       		.byte	-22
 621 0251 40       		.byte	64
 622 0252 EB       		.byte	-21
 623 0253 02       		.byte	2
 624 0254 01       		.byte	1
 625 0255 02       		.byte	2
 626 0256 06       		.byte	6
 627 0257 04       		.byte	4
ARM GAS  C:\Users\Rahul\AppData\Local\Temp\cc3vKRIg.s 			page 12


 628 0258 07       		.byte	7
 629 0259 01       		.byte	1
 630 025a 0A       		.byte	10
 631 025b 04       		.byte	4
 632 025c 0B       		.byte	11
 633 025d 21       		.byte	33
 634 025e 0C       		.byte	12
 635 025f 20       		.byte	32
 636 0260 0E       		.byte	14
 637 0261 12       		.byte	18
 638 0262 10       		.byte	16
 639 0263 08       		.byte	8
 640 0264 11       		.byte	17
 641 0265 04       		.byte	4
 642 0266 16       		.byte	22
 643 0267 08       		.byte	8
 644 0268 19       		.byte	25
 645 0269 13       		.byte	19
 646 026a 1A       		.byte	26
 647 026b 04       		.byte	4
 648 026c 1E       		.byte	30
 649 026d 12       		.byte	18
 650 026e 1F       		.byte	31
 651 026f 68       		.byte	104
 652 0270 20       		.byte	32
 653 0271 08       		.byte	8
 654 0272 21       		.byte	33
 655 0273 02       		.byte	2
 656 0274 23       		.byte	35
 657 0275 40       		.byte	64
 658 0276 24       		.byte	36
 659 0277 40       		.byte	64
 660 0278 26       		.byte	38
 661 0279 80       		.byte	-128
 662 027a 27       		.byte	39
 663 027b 19       		.byte	25
 664 027c 29       		.byte	41
 665 027d 01       		.byte	1
 666 027e 2B       		.byte	43
 667 027f 28       		.byte	40
 668 0280 2E       		.byte	46
 669 0281 08       		.byte	8
 670 0282 2F       		.byte	47
 671 0283 68       		.byte	104
 672 0284 30       		.byte	48
 673 0285 28       		.byte	40
 674 0286 31       		.byte	49
 675 0287 02       		.byte	2
 676 0288 32       		.byte	50
 677 0289 80       		.byte	-128
 678 028a 36       		.byte	54
 679 028b 88       		.byte	-120
 680 028c 39       		.byte	57
 681 028d 0C       		.byte	12
 682 028e 3A       		.byte	58
 683 028f 10       		.byte	16
 684 0290 3B       		.byte	59
ARM GAS  C:\Users\Rahul\AppData\Local\Temp\cc3vKRIg.s 			page 13


 685 0291 81       		.byte	-127
 686 0292 3C       		.byte	60
 687 0293 02       		.byte	2
 688 0294 3D       		.byte	61
 689 0295 01       		.byte	1
 690 0296 3F       		.byte	63
 691 0297 04       		.byte	4
 692 0298 43       		.byte	67
 693 0299 10       		.byte	16
 694 029a 46       		.byte	70
 695 029b 08       		.byte	8
 696 029c 47       		.byte	71
 697 029d 01       		.byte	1
 698 029e 48       		.byte	72
 699 029f 20       		.byte	32
 700 02a0 4E       		.byte	78
 701 02a1 08       		.byte	8
 702 02a2 4F       		.byte	79
 703 02a3 04       		.byte	4
 704 02a4 52       		.byte	82
 705 02a5 0C       		.byte	12
 706 02a6 54       		.byte	84
 707 02a7 01       		.byte	1
 708 02a8 56       		.byte	86
 709 02a9 10       		.byte	16
 710 02aa 5C       		.byte	92
 711 02ab 40       		.byte	64
 712 02ac 5D       		.byte	93
 713 02ad 21       		.byte	33
 714 02ae 5F       		.byte	95
 715 02af 08       		.byte	8
 716 02b0 65       		.byte	101
 717 02b1 20       		.byte	32
 718 02b2 67       		.byte	103
 719 02b3 04       		.byte	4
 720 02b4 80       		.byte	-128
 721 02b5 04       		.byte	4
 722 02b6 90       		.byte	-112
 723 02b7 08       		.byte	8
 724 02b8 91       		.byte	-111
 725 02b9 08       		.byte	8
 726 02ba 93       		.byte	-109
 727 02bb 21       		.byte	33
 728 02bc 97       		.byte	-105
 729 02bd 40       		.byte	64
 730 02be 9D       		.byte	-99
 731 02bf 11       		.byte	17
 732 02c0 A0       		.byte	-96
 733 02c1 08       		.byte	8
 734 02c2 A4       		.byte	-92
 735 02c3 04       		.byte	4
 736 02c4 C0       		.byte	-64
 737 02c5 C8       		.byte	-56
 738 02c6 C2       		.byte	-62
 739 02c7 E7       		.byte	-25
 740 02c8 C4       		.byte	-60
 741 02c9 46       		.byte	70
ARM GAS  C:\Users\Rahul\AppData\Local\Temp\cc3vKRIg.s 			page 14


 742 02ca CA       		.byte	-54
 743 02cb E7       		.byte	-25
 744 02cc CC       		.byte	-52
 745 02cd 5F       		.byte	95
 746 02ce CE       		.byte	-50
 747 02cf CF       		.byte	-49
 748 02d0 D0       		.byte	-48
 749 02d1 A4       		.byte	-92
 750 02d2 D2       		.byte	-46
 751 02d3 20       		.byte	32
 752 02d4 D6       		.byte	-42
 753 02d5 F0       		.byte	-16
 754 02d6 E4       		.byte	-28
 755 02d7 01       		.byte	1
 756 02d8 04       		.byte	4
 757 02d9 E7       		.byte	-25
 758 02da 0B       		.byte	11
 759 02db 01       		.byte	1
 760 02dc 14       		.byte	20
 761 02dd 44       		.byte	68
 762 02de 16       		.byte	22
 763 02df 2A       		.byte	42
 764 02e0 18       		.byte	24
 765 02e1 02       		.byte	2
 766 02e2 1A       		.byte	26
 767 02e3 15       		.byte	21
 768 02e4 24       		.byte	36
 769 02e5 E7       		.byte	-25
 770 02e6 28       		.byte	40
 771 02e7 21       		.byte	33
 772 02e8 2A       		.byte	42
 773 02e9 4A       		.byte	74
 774 02ea 2C       		.byte	44
 775 02eb 80       		.byte	-128
 776 02ec 2F       		.byte	47
 777 02ed 01       		.byte	1
 778 02ee 30       		.byte	48
 779 02ef 80       		.byte	-128
 780 02f0 32       		.byte	50
 781 02f1 60       		.byte	96
 782 02f2 34       		.byte	52
 783 02f3 07       		.byte	7
 784 02f4 35       		.byte	53
 785 02f5 01       		.byte	1
 786 02f6 36       		.byte	54
 787 02f7 18       		.byte	24
 788 02f8 3E       		.byte	62
 789 02f9 40       		.byte	64
 790 02fa 3F       		.byte	63
 791 02fb 10       		.byte	16
 792 02fc 40       		.byte	64
 793 02fd 34       		.byte	52
 794 02fe 41       		.byte	65
 795 02ff 06       		.byte	6
 796 0300 42       		.byte	66
 797 0301 02       		.byte	2
 798 0302 44       		.byte	68
ARM GAS  C:\Users\Rahul\AppData\Local\Temp\cc3vKRIg.s 			page 15


 799 0303 01       		.byte	1
 800 0304 46       		.byte	70
 801 0305 0E       		.byte	14
 802 0306 47       		.byte	71
 803 0307 0C       		.byte	12
 804 0308 48       		.byte	72
 805 0309 14       		.byte	20
 806 030a 49       		.byte	73
 807 030b FF       		.byte	-1
 808 030c 4A       		.byte	74
 809 030d FF       		.byte	-1
 810 030e 4B       		.byte	75
 811 030f FF       		.byte	-1
 812 0310 4C       		.byte	76
 813 0311 62       		.byte	98
 814 0312 4D       		.byte	77
 815 0313 A0       		.byte	-96
 816 0314 4E       		.byte	78
 817 0315 F0       		.byte	-16
 818 0316 4F       		.byte	79
 819 0317 41       		.byte	65
 820 0318 50       		.byte	80
 821 0319 0C       		.byte	12
 822 031a 58       		.byte	88
 823 031b 04       		.byte	4
 824 031c 59       		.byte	89
 825 031d 04       		.byte	4
 826 031e 5A       		.byte	90
 827 031f 04       		.byte	4
 828 0320 5C       		.byte	92
 829 0321 01       		.byte	1
 830 0322 5D       		.byte	93
 831 0323 01       		.byte	1
 832 0324 5F       		.byte	95
 833 0325 01       		.byte	1
 834 0326 66       		.byte	102
 835 0327 40       		.byte	64
 836 0328 67       		.byte	103
 837 0329 02       		.byte	2
 838 032a 69       		.byte	105
 839 032b 10       		.byte	16
 840 032c 6A       		.byte	106
 841 032d 30       		.byte	48
 842 032e 6B       		.byte	107
 843 032f 10       		.byte	16
 844 0330 6D       		.byte	109
 845 0331 10       		.byte	16
 846 0332 6E       		.byte	110
 847 0333 10       		.byte	16
 848 0334 6F       		.byte	111
 849 0335 12       		.byte	18
 850 0336 81       		.byte	-127
 851 0337 2C       		.byte	44
 852 0338 83       		.byte	-125
 853 0339 13       		.byte	19
 854 033a 84       		.byte	-124
 855 033b 20       		.byte	32
ARM GAS  C:\Users\Rahul\AppData\Local\Temp\cc3vKRIg.s 			page 16


 856 033c 85       		.byte	-123
 857 033d 11       		.byte	17
 858 033e 87       		.byte	-121
 859 033f 0E       		.byte	14
 860 0340 88       		.byte	-120
 861 0341 10       		.byte	16
 862 0342 8B       		.byte	-117
 863 0343 10       		.byte	16
 864 0344 8C       		.byte	-116
 865 0345 40       		.byte	64
 866 0346 8E       		.byte	-114
 867 0347 03       		.byte	3
 868 0348 90       		.byte	-112
 869 0349 1C       		.byte	28
 870 034a 92       		.byte	-110
 871 034b 02       		.byte	2
 872 034c 94       		.byte	-108
 873 034d 09       		.byte	9
 874 034e 96       		.byte	-106
 875 034f 10       		.byte	16
 876 0350 97       		.byte	-105
 877 0351 13       		.byte	19
 878 0352 9C       		.byte	-100
 879 0353 10       		.byte	16
 880 0354 9E       		.byte	-98
 881 0355 0C       		.byte	12
 882 0356 A0       		.byte	-96
 883 0357 14       		.byte	20
 884 0358 A1       		.byte	-95
 885 0359 11       		.byte	17
 886 035a A3       		.byte	-93
 887 035b 26       		.byte	38
 888 035c A7       		.byte	-89
 889 035d 08       		.byte	8
 890 035e A8       		.byte	-88
 891 035f 0C       		.byte	12
 892 0360 AA       		.byte	-86
 893 0361 11       		.byte	17
 894 0362 AB       		.byte	-85
 895 0363 2C       		.byte	44
 896 0364 B0       		.byte	-80
 897 0365 1F       		.byte	31
 898 0366 B1       		.byte	-79
 899 0367 10       		.byte	16
 900 0368 B2       		.byte	-78
 901 0369 20       		.byte	32
 902 036a B3       		.byte	-77
 903 036b 2A       		.byte	42
 904 036c B4       		.byte	-76
 905 036d 40       		.byte	64
 906 036e B7       		.byte	-73
 907 036f 0F       		.byte	15
 908 0370 BB       		.byte	-69
 909 0371 88       		.byte	-120
 910 0372 BE       		.byte	-66
 911 0373 14       		.byte	20
 912 0374 BF       		.byte	-65
ARM GAS  C:\Users\Rahul\AppData\Local\Temp\cc3vKRIg.s 			page 17


 913 0375 01       		.byte	1
 914 0376 C0       		.byte	-64
 915 0377 46       		.byte	70
 916 0378 C1       		.byte	-63
 917 0379 03       		.byte	3
 918 037a C5       		.byte	-59
 919 037b EE       		.byte	-18
 920 037c C6       		.byte	-58
 921 037d CB       		.byte	-53
 922 037e C8       		.byte	-56
 923 037f 0F       		.byte	15
 924 0380 C9       		.byte	-55
 925 0381 FF       		.byte	-1
 926 0382 CA       		.byte	-54
 927 0383 FF       		.byte	-1
 928 0384 CB       		.byte	-53
 929 0385 FF       		.byte	-1
 930 0386 CE       		.byte	-50
 931 0387 F0       		.byte	-16
 932 0388 CF       		.byte	-49
 933 0389 44       		.byte	68
 934 038a D0       		.byte	-48
 935 038b 0C       		.byte	12
 936 038c D4       		.byte	-44
 937 038d 01       		.byte	1
 938 038e D8       		.byte	-40
 939 038f 04       		.byte	4
 940 0390 D9       		.byte	-39
 941 0391 04       		.byte	4
 942 0392 DA       		.byte	-38
 943 0393 04       		.byte	4
 944 0394 DB       		.byte	-37
 945 0395 04       		.byte	4
 946 0396 DF       		.byte	-33
 947 0397 01       		.byte	1
 948 0398 E6       		.byte	-26
 949 0399 C0       		.byte	-64
 950 039a EA       		.byte	-22
 951 039b 40       		.byte	64
 952 039c EB       		.byte	-21
 953 039d 02       		.byte	2
 954 039e 00       		.byte	0
 955 039f 60       		.byte	96
 956 03a0 01       		.byte	1
 957 03a1 08       		.byte	8
 958 03a2 02       		.byte	2
 959 03a3 04       		.byte	4
 960 03a4 07       		.byte	7
 961 03a5 10       		.byte	16
 962 03a6 08       		.byte	8
 963 03a7 88       		.byte	-120
 964 03a8 0A       		.byte	10
 965 03a9 80       		.byte	-128
 966 03aa 0E       		.byte	14
 967 03ab 14       		.byte	20
 968 03ac 10       		.byte	16
 969 03ad 80       		.byte	-128
ARM GAS  C:\Users\Rahul\AppData\Local\Temp\cc3vKRIg.s 			page 18


 970 03ae 13       		.byte	19
 971 03af 10       		.byte	16
 972 03b0 15       		.byte	21
 973 03b1 40       		.byte	64
 974 03b2 17       		.byte	23
 975 03b3 24       		.byte	36
 976 03b4 18       		.byte	24
 977 03b5 48       		.byte	72
 978 03b6 19       		.byte	25
 979 03b7 04       		.byte	4
 980 03b8 1D       		.byte	29
 981 03b9 82       		.byte	-126
 982 03ba 1E       		.byte	30
 983 03bb 54       		.byte	84
 984 03bc 21       		.byte	33
 985 03bd 04       		.byte	4
 986 03be 22       		.byte	34
 987 03bf 40       		.byte	64
 988 03c0 23       		.byte	35
 989 03c1 91       		.byte	-111
 990 03c2 24       		.byte	36
 991 03c3 04       		.byte	4
 992 03c4 28       		.byte	40
 993 03c5 88       		.byte	-120
 994 03c6 29       		.byte	41
 995 03c7 11       		.byte	17
 996 03c8 2A       		.byte	42
 997 03c9 04       		.byte	4
 998 03ca 2C       		.byte	44
 999 03cb 10       		.byte	16
 1000 03cc 2E       		.byte	46
 1001 03cd 80       		.byte	-128
 1002 03ce 2F       		.byte	47
 1003 03cf 10       		.byte	16
 1004 03d0 30       		.byte	48
 1005 03d1 08       		.byte	8
 1006 03d2 38       		.byte	56
 1007 03d3 20       		.byte	32
 1008 03d4 39       		.byte	57
 1009 03d5 08       		.byte	8
 1010 03d6 3B       		.byte	59
 1011 03d7 01       		.byte	1
 1012 03d8 3C       		.byte	60
 1013 03d9 10       		.byte	16
 1014 03da 40       		.byte	64
 1015 03db 80       		.byte	-128
 1016 03dc 41       		.byte	65
 1017 03dd 04       		.byte	4
 1018 03de 45       		.byte	69
 1019 03df A2       		.byte	-94
 1020 03e0 46       		.byte	70
 1021 03e1 10       		.byte	16
 1022 03e2 48       		.byte	72
 1023 03e3 08       		.byte	8
 1024 03e4 49       		.byte	73
 1025 03e5 0A       		.byte	10
 1026 03e6 4E       		.byte	78
ARM GAS  C:\Users\Rahul\AppData\Local\Temp\cc3vKRIg.s 			page 19


 1027 03e7 08       		.byte	8
 1028 03e8 50       		.byte	80
 1029 03e9 90       		.byte	-112
 1030 03ea 53       		.byte	83
 1031 03eb 10       		.byte	16
 1032 03ec 56       		.byte	86
 1033 03ed 80       		.byte	-128
 1034 03ee 57       		.byte	87
 1035 03ef 08       		.byte	8
 1036 03f0 58       		.byte	88
 1037 03f1 10       		.byte	16
 1038 03f2 59       		.byte	89
 1039 03f3 06       		.byte	6
 1040 03f4 5B       		.byte	91
 1041 03f5 80       		.byte	-128
 1042 03f6 90       		.byte	-112
 1043 03f7 10       		.byte	16
 1044 03f8 91       		.byte	-111
 1045 03f9 40       		.byte	64
 1046 03fa 94       		.byte	-108
 1047 03fb 04       		.byte	4
 1048 03fc 96       		.byte	-106
 1049 03fd 54       		.byte	84
 1050 03fe 97       		.byte	-105
 1051 03ff 40       		.byte	64
 1052 0400 9A       		.byte	-102
 1053 0401 10       		.byte	16
 1054 0402 9B       		.byte	-101
 1055 0403 34       		.byte	52
 1056 0404 A0       		.byte	-96
 1057 0405 18       		.byte	24
 1058 0406 A1       		.byte	-95
 1059 0407 20       		.byte	32
 1060 0408 A2       		.byte	-94
 1061 0409 08       		.byte	8
 1062 040a A4       		.byte	-92
 1063 040b 04       		.byte	4
 1064 040c A7       		.byte	-89
 1065 040d 08       		.byte	8
 1066 040e A8       		.byte	-88
 1067 040f 40       		.byte	64
 1068 0410 A9       		.byte	-87
 1069 0411 02       		.byte	2
 1070 0412 AA       		.byte	-86
 1071 0413 04       		.byte	4
 1072 0414 AF       		.byte	-81
 1073 0415 01       		.byte	1
 1074 0416 C0       		.byte	-64
 1075 0417 27       		.byte	39
 1076 0418 C2       		.byte	-62
 1077 0419 6D       		.byte	109
 1078 041a C4       		.byte	-60
 1079 041b EA       		.byte	-22
 1080 041c CA       		.byte	-54
 1081 041d 17       		.byte	23
 1082 041e CC       		.byte	-52
 1083 041f 02       		.byte	2
ARM GAS  C:\Users\Rahul\AppData\Local\Temp\cc3vKRIg.s 			page 20


 1084 0420 CE       		.byte	-50
 1085 0421 27       		.byte	39
 1086 0422 D0       		.byte	-48
 1087 0423 F3       		.byte	-13
 1088 0424 D2       		.byte	-46
 1089 0425 24       		.byte	36
 1090 0426 D6       		.byte	-42
 1091 0427 0F       		.byte	15
 1092 0428 E4       		.byte	-28
 1093 0429 01       		.byte	1
 1094 042a 33       		.byte	51
 1095 042b 10       		.byte	16
 1096 042c 37       		.byte	55
 1097 042d 10       		.byte	16
 1098 042e CC       		.byte	-52
 1099 042f 30       		.byte	48
 1100 0430 83       		.byte	-125
 1101 0431 10       		.byte	16
 1102 0432 9F       		.byte	-97
 1103 0433 10       		.byte	16
 1104 0434 E2       		.byte	-30
 1105 0435 20       		.byte	32
 1106 0436 07       		.byte	7
 1107 0437 80       		.byte	-128
 1108 0438 53       		.byte	83
 1109 0439 80       		.byte	-128
 1110 043a 87       		.byte	-121
 1111 043b 20       		.byte	32
 1112 043c C0       		.byte	-64
 1113 043d 20       		.byte	32
 1114 043e D4       		.byte	-44
 1115 043f 20       		.byte	32
 1116 0440 E0       		.byte	-32
 1117 0441 40       		.byte	64
 1118 0442 9F       		.byte	-97
 1119 0443 20       		.byte	32
 1120 0444 A7       		.byte	-89
 1121 0445 80       		.byte	-128
 1122 0446 AB       		.byte	-85
 1123 0447 80       		.byte	-128
 1124 0448 E8       		.byte	-24
 1125 0449 80       		.byte	-128
 1126 044a 5F       		.byte	95
 1127 044b 80       		.byte	-128
 1128 044c D6       		.byte	-42
 1129 044d 04       		.byte	4
 1130 044e 87       		.byte	-121
 1131 044f 80       		.byte	-128
 1132 0450 9F       		.byte	-97
 1133 0451 80       		.byte	-128
 1134 0452 27       		.byte	39
 1135 0453 20       		.byte	32
 1136 0454 9F       		.byte	-97
 1137 0455 20       		.byte	32
 1138 0456 AF       		.byte	-81
 1139 0457 80       		.byte	-128
 1140 0458 C8       		.byte	-56
ARM GAS  C:\Users\Rahul\AppData\Local\Temp\cc3vKRIg.s 			page 21


 1141 0459 80       		.byte	-128
 1142 045a EE       		.byte	-18
 1143 045b 10       		.byte	16
 1144 045c 70       		.byte	112
 1145 045d 04       		.byte	4
 1146 045e 80       		.byte	-128
 1147 045f 04       		.byte	4
 1148 0460 DC       		.byte	-36
 1149 0461 01       		.byte	1
 1150 0462 00       		.byte	0
 1151 0463 03       		.byte	3
 1152 0464 0A       		.byte	10
 1153 0465 03       		.byte	3
 1154 0466 10       		.byte	16
 1155 0467 03       		.byte	3
 1156 0468 1A       		.byte	26
 1157 0469 03       		.byte	3
 1158 046a 00       		.byte	0
 1159 046b 0F       		.byte	15
 1160 046c 84       		.byte	-124
 1161 046d 00       		.byte	0
 1162 046e 48       		.byte	72
 1163 046f 84       		.byte	-124
 1164 0470 84       		.byte	-124
 1165 0471 00       		.byte	0
 1166 0472 84       		.byte	-124
 1167 0473 00       		.byte	0
 1168 0474 00       		.byte	0
 1169 0475 00       		.byte	0
 1170 0476 00       		.byte	0
 1171 0477 00       		.byte	0
 1172 0478 00       		.byte	0
 1173 0479 00       		.byte	0
 1174 047a 00       		.byte	0
 1175 047b 00       		.byte	0
 1176 047c 04       		.byte	4
 1177 047d 00       		.byte	0
 1178 047e 00       		.byte	0
 1179 047f 00       		.byte	0
 1180 0480 00       		.byte	0
 1181 0481 0B       		.byte	11
 1182 0482 0B       		.byte	11
 1183 0483 00       		.byte	0
 1184 0484 00       		.byte	0
 1185 0485 00       		.byte	0
 1186 0486 00       		.byte	0
 1187 0487 00       		.byte	0
 1188 0488 00       		.byte	0
 1189 0489 02       		.byte	2
 1190 048a 02       		.byte	2
 1191 048b 00       		.byte	0
 1192 048c 02       		.byte	2
 1193 048d 00       		.byte	0
 1194 048e 00       		.byte	0
 1195 048f 00       		.byte	0
 1196              		.section	.cywolatch,"a",%progbits
 1197              		.align	2
ARM GAS  C:\Users\Rahul\AppData\Local\Temp\cc3vKRIg.s 			page 22


 1198              		.type	cy_meta_wonvl, %object
 1199              		.size	cy_meta_wonvl, 4
 1200              	cy_meta_wonvl:
 1201 0000 BC       		.byte	-68
 1202 0001 90       		.byte	-112
 1203 0002 AC       		.byte	-84
 1204 0003 AF       		.byte	-81
 1205              		.section	.cycustnvl,"a",%progbits
 1206              		.align	2
 1207              		.type	cy_meta_custnvl, %object
 1208              		.size	cy_meta_custnvl, 4
 1209              	cy_meta_custnvl:
 1210 0000 00       		.byte	0
 1211 0001 00       		.byte	0
 1212 0002 40       		.byte	64
 1213 0003 05       		.byte	5
 1214              		.section	.cymeta,"a",%progbits
 1215              		.align	2
 1216              		.type	cy_metadata, %object
 1217              		.size	cy_metadata, 12
 1218              	cy_metadata:
 1219 0000 00       		.byte	0
 1220 0001 01       		.byte	1
 1221 0002 2E       		.byte	46
 1222 0003 16       		.byte	22
 1223 0004 10       		.byte	16
 1224 0005 69       		.byte	105
 1225 0006 00       		.byte	0
 1226 0007 01       		.byte	1
 1227 0008 00       		.byte	0
 1228 0009 00       		.byte	0
 1229 000a 00       		.byte	0
 1230 000b 00       		.byte	0
 1231              		.section	.cyflashprotect,"a",%progbits
 1232              		.align	2
 1233              		.type	cy_meta_flashprotect, %object
 1234              		.size	cy_meta_flashprotect, 256
 1235              	cy_meta_flashprotect:
 1236 0000 00000000 		.space	256
 1236      00000000 
 1236      00000000 
 1236      00000000 
 1236      00000000 
 1237              		.text
 1238              	.Letext0:
 1239              		.file 1 "Generated_Source\\PSoC5\\cymetadata.c"
 1240              		.file 2 "Generated_Source\\PSoC5\\cytypes.h"
 1241              		.section	.debug_info,"",%progbits
 1242              	.Ldebug_info0:
 1243 0000 38010000 		.4byte	0x138
 1244 0004 0400     		.2byte	0x4
 1245 0006 00000000 		.4byte	.Ldebug_abbrev0
 1246 000a 04       		.byte	0x4
 1247 000b 01       		.uleb128 0x1
 1248 000c 6E000000 		.4byte	.LASF18
 1249 0010 01       		.byte	0x1
 1250 0011 CE010000 		.4byte	.LASF19
ARM GAS  C:\Users\Rahul\AppData\Local\Temp\cc3vKRIg.s 			page 23


 1251 0015 84010000 		.4byte	.LASF20
 1252 0019 00000000 		.4byte	.Ldebug_line0
 1253 001d 02       		.uleb128 0x2
 1254 001e 01       		.byte	0x1
 1255 001f 06       		.byte	0x6
 1256 0020 78010000 		.4byte	.LASF0
 1257 0024 02       		.uleb128 0x2
 1258 0025 01       		.byte	0x1
 1259 0026 08       		.byte	0x8
 1260 0027 12000000 		.4byte	.LASF1
 1261 002b 02       		.uleb128 0x2
 1262 002c 02       		.byte	0x2
 1263 002d 05       		.byte	0x5
 1264 002e 5F010000 		.4byte	.LASF2
 1265 0032 02       		.uleb128 0x2
 1266 0033 02       		.byte	0x2
 1267 0034 07       		.byte	0x7
 1268 0035 32000000 		.4byte	.LASF3
 1269 0039 02       		.uleb128 0x2
 1270 003a 04       		.byte	0x4
 1271 003b 05       		.byte	0x5
 1272 003c 6F010000 		.4byte	.LASF4
 1273 0040 02       		.uleb128 0x2
 1274 0041 04       		.byte	0x4
 1275 0042 07       		.byte	0x7
 1276 0043 20000000 		.4byte	.LASF5
 1277 0047 02       		.uleb128 0x2
 1278 0048 08       		.byte	0x8
 1279 0049 05       		.byte	0x5
 1280 004a 4C010000 		.4byte	.LASF6
 1281 004e 02       		.uleb128 0x2
 1282 004f 08       		.byte	0x8
 1283 0050 07       		.byte	0x7
 1284 0051 09010000 		.4byte	.LASF7
 1285 0055 03       		.uleb128 0x3
 1286 0056 04       		.byte	0x4
 1287 0057 05       		.byte	0x5
 1288 0058 696E7400 		.ascii	"int\000"
 1289 005c 02       		.uleb128 0x2
 1290 005d 04       		.byte	0x4
 1291 005e 07       		.byte	0x7
 1292 005f FC000000 		.4byte	.LASF8
 1293 0063 04       		.uleb128 0x4
 1294 0064 69010000 		.4byte	.LASF21
 1295 0068 02       		.byte	0x2
 1296 0069 9201     		.2byte	0x192
 1297 006b 24000000 		.4byte	0x24
 1298 006f 02       		.uleb128 0x2
 1299 0070 04       		.byte	0x4
 1300 0071 04       		.byte	0x4
 1301 0072 0C000000 		.4byte	.LASF9
 1302 0076 02       		.uleb128 0x2
 1303 0077 08       		.byte	0x8
 1304 0078 04       		.byte	0x4
 1305 0079 45000000 		.4byte	.LASF10
 1306 007d 02       		.uleb128 0x2
 1307 007e 01       		.byte	0x1
ARM GAS  C:\Users\Rahul\AppData\Local\Temp\cc3vKRIg.s 			page 24


 1308 007f 08       		.byte	0x8
 1309 0080 5A010000 		.4byte	.LASF11
 1310 0084 05       		.uleb128 0x5
 1311 0085 63000000 		.4byte	0x63
 1312 0089 95000000 		.4byte	0x95
 1313 008d 06       		.uleb128 0x6
 1314 008e 95000000 		.4byte	0x95
 1315 0092 8F04     		.2byte	0x48f
 1316 0094 00       		.byte	0
 1317 0095 02       		.uleb128 0x2
 1318 0096 04       		.byte	0x4
 1319 0097 07       		.byte	0x7
 1320 0098 43010000 		.4byte	.LASF12
 1321 009c 07       		.uleb128 0x7
 1322 009d 5C000000 		.4byte	.LASF13
 1323 00a1 01       		.byte	0x1
 1324 00a2 1F       		.byte	0x1f
 1325 00a3 AD000000 		.4byte	0xad
 1326 00a7 05       		.uleb128 0x5
 1327 00a8 03       		.byte	0x3
 1328 00a9 00000000 		.4byte	cy_meta_configecc
 1329 00ad 08       		.uleb128 0x8
 1330 00ae 84000000 		.4byte	0x84
 1331 00b2 05       		.uleb128 0x5
 1332 00b3 63000000 		.4byte	0x63
 1333 00b7 C2000000 		.4byte	0xc2
 1334 00bb 09       		.uleb128 0x9
 1335 00bc 95000000 		.4byte	0x95
 1336 00c0 03       		.byte	0x3
 1337 00c1 00       		.byte	0
 1338 00c2 07       		.uleb128 0x7
 1339 00c3 4C000000 		.4byte	.LASF14
 1340 00c7 01       		.byte	0x1
 1341 00c8 BE       		.byte	0xbe
 1342 00c9 D3000000 		.4byte	0xd3
 1343 00cd 05       		.uleb128 0x5
 1344 00ce 03       		.byte	0x3
 1345 00cf 00000000 		.4byte	cy_meta_custnvl
 1346 00d3 08       		.uleb128 0x8
 1347 00d4 B2000000 		.4byte	0xb2
 1348 00d8 07       		.uleb128 0x7
 1349 00d9 35010000 		.4byte	.LASF15
 1350 00dd 01       		.byte	0x1
 1351 00de CC       		.byte	0xcc
 1352 00df E9000000 		.4byte	0xe9
 1353 00e3 05       		.uleb128 0x5
 1354 00e4 03       		.byte	0x3
 1355 00e5 00000000 		.4byte	cy_meta_wonvl
 1356 00e9 08       		.uleb128 0x8
 1357 00ea B2000000 		.4byte	0xb2
 1358 00ee 05       		.uleb128 0x5
 1359 00ef 63000000 		.4byte	0x63
 1360 00f3 FE000000 		.4byte	0xfe
 1361 00f7 09       		.uleb128 0x9
 1362 00f8 95000000 		.4byte	0x95
 1363 00fc FF       		.byte	0xff
 1364 00fd 00       		.byte	0
ARM GAS  C:\Users\Rahul\AppData\Local\Temp\cc3vKRIg.s 			page 25


 1365 00fe 07       		.uleb128 0x7
 1366 00ff 20010000 		.4byte	.LASF16
 1367 0103 01       		.byte	0x1
 1368 0104 DA       		.byte	0xda
 1369 0105 0F010000 		.4byte	0x10f
 1370 0109 05       		.uleb128 0x5
 1371 010a 03       		.byte	0x3
 1372 010b 00000000 		.4byte	cy_meta_flashprotect
 1373 010f 08       		.uleb128 0x8
 1374 0110 EE000000 		.4byte	0xee
 1375 0114 05       		.uleb128 0x5
 1376 0115 63000000 		.4byte	0x63
 1377 0119 24010000 		.4byte	0x124
 1378 011d 09       		.uleb128 0x9
 1379 011e 95000000 		.4byte	0x95
 1380 0122 0B       		.byte	0xb
 1381 0123 00       		.byte	0
 1382 0124 0A       		.uleb128 0xa
 1383 0125 00000000 		.4byte	.LASF17
 1384 0129 01       		.byte	0x1
 1385 012a 0701     		.2byte	0x107
 1386 012c 36010000 		.4byte	0x136
 1387 0130 05       		.uleb128 0x5
 1388 0131 03       		.byte	0x3
 1389 0132 00000000 		.4byte	cy_metadata
 1390 0136 08       		.uleb128 0x8
 1391 0137 14010000 		.4byte	0x114
 1392 013b 00       		.byte	0
 1393              		.section	.debug_abbrev,"",%progbits
 1394              	.Ldebug_abbrev0:
 1395 0000 01       		.uleb128 0x1
 1396 0001 11       		.uleb128 0x11
 1397 0002 01       		.byte	0x1
 1398 0003 25       		.uleb128 0x25
 1399 0004 0E       		.uleb128 0xe
 1400 0005 13       		.uleb128 0x13
 1401 0006 0B       		.uleb128 0xb
 1402 0007 03       		.uleb128 0x3
 1403 0008 0E       		.uleb128 0xe
 1404 0009 1B       		.uleb128 0x1b
 1405 000a 0E       		.uleb128 0xe
 1406 000b 10       		.uleb128 0x10
 1407 000c 17       		.uleb128 0x17
 1408 000d 00       		.byte	0
 1409 000e 00       		.byte	0
 1410 000f 02       		.uleb128 0x2
 1411 0010 24       		.uleb128 0x24
 1412 0011 00       		.byte	0
 1413 0012 0B       		.uleb128 0xb
 1414 0013 0B       		.uleb128 0xb
 1415 0014 3E       		.uleb128 0x3e
 1416 0015 0B       		.uleb128 0xb
 1417 0016 03       		.uleb128 0x3
 1418 0017 0E       		.uleb128 0xe
 1419 0018 00       		.byte	0
 1420 0019 00       		.byte	0
 1421 001a 03       		.uleb128 0x3
ARM GAS  C:\Users\Rahul\AppData\Local\Temp\cc3vKRIg.s 			page 26


 1422 001b 24       		.uleb128 0x24
 1423 001c 00       		.byte	0
 1424 001d 0B       		.uleb128 0xb
 1425 001e 0B       		.uleb128 0xb
 1426 001f 3E       		.uleb128 0x3e
 1427 0020 0B       		.uleb128 0xb
 1428 0021 03       		.uleb128 0x3
 1429 0022 08       		.uleb128 0x8
 1430 0023 00       		.byte	0
 1431 0024 00       		.byte	0
 1432 0025 04       		.uleb128 0x4
 1433 0026 16       		.uleb128 0x16
 1434 0027 00       		.byte	0
 1435 0028 03       		.uleb128 0x3
 1436 0029 0E       		.uleb128 0xe
 1437 002a 3A       		.uleb128 0x3a
 1438 002b 0B       		.uleb128 0xb
 1439 002c 3B       		.uleb128 0x3b
 1440 002d 05       		.uleb128 0x5
 1441 002e 49       		.uleb128 0x49
 1442 002f 13       		.uleb128 0x13
 1443 0030 00       		.byte	0
 1444 0031 00       		.byte	0
 1445 0032 05       		.uleb128 0x5
 1446 0033 01       		.uleb128 0x1
 1447 0034 01       		.byte	0x1
 1448 0035 49       		.uleb128 0x49
 1449 0036 13       		.uleb128 0x13
 1450 0037 01       		.uleb128 0x1
 1451 0038 13       		.uleb128 0x13
 1452 0039 00       		.byte	0
 1453 003a 00       		.byte	0
 1454 003b 06       		.uleb128 0x6
 1455 003c 21       		.uleb128 0x21
 1456 003d 00       		.byte	0
 1457 003e 49       		.uleb128 0x49
 1458 003f 13       		.uleb128 0x13
 1459 0040 2F       		.uleb128 0x2f
 1460 0041 05       		.uleb128 0x5
 1461 0042 00       		.byte	0
 1462 0043 00       		.byte	0
 1463 0044 07       		.uleb128 0x7
 1464 0045 34       		.uleb128 0x34
 1465 0046 00       		.byte	0
 1466 0047 03       		.uleb128 0x3
 1467 0048 0E       		.uleb128 0xe
 1468 0049 3A       		.uleb128 0x3a
 1469 004a 0B       		.uleb128 0xb
 1470 004b 3B       		.uleb128 0x3b
 1471 004c 0B       		.uleb128 0xb
 1472 004d 49       		.uleb128 0x49
 1473 004e 13       		.uleb128 0x13
 1474 004f 3F       		.uleb128 0x3f
 1475 0050 19       		.uleb128 0x19
 1476 0051 02       		.uleb128 0x2
 1477 0052 18       		.uleb128 0x18
 1478 0053 00       		.byte	0
ARM GAS  C:\Users\Rahul\AppData\Local\Temp\cc3vKRIg.s 			page 27


 1479 0054 00       		.byte	0
 1480 0055 08       		.uleb128 0x8
 1481 0056 26       		.uleb128 0x26
 1482 0057 00       		.byte	0
 1483 0058 49       		.uleb128 0x49
 1484 0059 13       		.uleb128 0x13
 1485 005a 00       		.byte	0
 1486 005b 00       		.byte	0
 1487 005c 09       		.uleb128 0x9
 1488 005d 21       		.uleb128 0x21
 1489 005e 00       		.byte	0
 1490 005f 49       		.uleb128 0x49
 1491 0060 13       		.uleb128 0x13
 1492 0061 2F       		.uleb128 0x2f
 1493 0062 0B       		.uleb128 0xb
 1494 0063 00       		.byte	0
 1495 0064 00       		.byte	0
 1496 0065 0A       		.uleb128 0xa
 1497 0066 34       		.uleb128 0x34
 1498 0067 00       		.byte	0
 1499 0068 03       		.uleb128 0x3
 1500 0069 0E       		.uleb128 0xe
 1501 006a 3A       		.uleb128 0x3a
 1502 006b 0B       		.uleb128 0xb
 1503 006c 3B       		.uleb128 0x3b
 1504 006d 05       		.uleb128 0x5
 1505 006e 49       		.uleb128 0x49
 1506 006f 13       		.uleb128 0x13
 1507 0070 3F       		.uleb128 0x3f
 1508 0071 19       		.uleb128 0x19
 1509 0072 02       		.uleb128 0x2
 1510 0073 18       		.uleb128 0x18
 1511 0074 00       		.byte	0
 1512 0075 00       		.byte	0
 1513 0076 00       		.byte	0
 1514              		.section	.debug_aranges,"",%progbits
 1515 0000 14000000 		.4byte	0x14
 1516 0004 0200     		.2byte	0x2
 1517 0006 00000000 		.4byte	.Ldebug_info0
 1518 000a 04       		.byte	0x4
 1519 000b 00       		.byte	0
 1520 000c 0000     		.2byte	0
 1521 000e 0000     		.2byte	0
 1522 0010 00000000 		.4byte	0
 1523 0014 00000000 		.4byte	0
 1524              		.section	.debug_line,"",%progbits
 1525              	.Ldebug_line0:
 1526 0000 4D000000 		.section	.debug_str,"MS",%progbits,1
 1526      02004700 
 1526      00000201 
 1526      FB0E0D00 
 1526      01010101 
 1527              	.LASF17:
 1528 0000 63795F6D 		.ascii	"cy_metadata\000"
 1528      65746164 
 1528      61746100 
 1529              	.LASF9:
ARM GAS  C:\Users\Rahul\AppData\Local\Temp\cc3vKRIg.s 			page 28


 1530 000c 666C6F61 		.ascii	"float\000"
 1530      7400
 1531              	.LASF1:
 1532 0012 756E7369 		.ascii	"unsigned char\000"
 1532      676E6564 
 1532      20636861 
 1532      7200
 1533              	.LASF5:
 1534 0020 6C6F6E67 		.ascii	"long unsigned int\000"
 1534      20756E73 
 1534      69676E65 
 1534      6420696E 
 1534      7400
 1535              	.LASF3:
 1536 0032 73686F72 		.ascii	"short unsigned int\000"
 1536      7420756E 
 1536      7369676E 
 1536      65642069 
 1536      6E7400
 1537              	.LASF10:
 1538 0045 646F7562 		.ascii	"double\000"
 1538      6C6500
 1539              	.LASF14:
 1540 004c 63795F6D 		.ascii	"cy_meta_custnvl\000"
 1540      6574615F 
 1540      63757374 
 1540      6E766C00 
 1541              	.LASF13:
 1542 005c 63795F6D 		.ascii	"cy_meta_configecc\000"
 1542      6574615F 
 1542      636F6E66 
 1542      69676563 
 1542      6300
 1543              	.LASF18:
 1544 006e 474E5520 		.ascii	"GNU C 4.9.3 20150303 (release) [ARM/embedded-4_9-br"
 1544      4320342E 
 1544      392E3320 
 1544      32303135 
 1544      30333033 
 1545 00a1 616E6368 		.ascii	"anch revision 221220] -mcpu=cortex-m3 -mthumb -g -O"
 1545      20726576 
 1545      6973696F 
 1545      6E203232 
 1545      31323230 
 1546 00d4 67202D66 		.ascii	"g -ffunction-sections -ffat-lto-objects\000"
 1546      66756E63 
 1546      74696F6E 
 1546      2D736563 
 1546      74696F6E 
 1547              	.LASF8:
 1548 00fc 756E7369 		.ascii	"unsigned int\000"
 1548      676E6564 
 1548      20696E74 
 1548      00
 1549              	.LASF7:
 1550 0109 6C6F6E67 		.ascii	"long long unsigned int\000"
 1550      206C6F6E 
ARM GAS  C:\Users\Rahul\AppData\Local\Temp\cc3vKRIg.s 			page 29


 1550      6720756E 
 1550      7369676E 
 1550      65642069 
 1551              	.LASF16:
 1552 0120 63795F6D 		.ascii	"cy_meta_flashprotect\000"
 1552      6574615F 
 1552      666C6173 
 1552      6870726F 
 1552      74656374 
 1553              	.LASF15:
 1554 0135 63795F6D 		.ascii	"cy_meta_wonvl\000"
 1554      6574615F 
 1554      776F6E76 
 1554      6C00
 1555              	.LASF12:
 1556 0143 73697A65 		.ascii	"sizetype\000"
 1556      74797065 
 1556      00
 1557              	.LASF6:
 1558 014c 6C6F6E67 		.ascii	"long long int\000"
 1558      206C6F6E 
 1558      6720696E 
 1558      7400
 1559              	.LASF11:
 1560 015a 63686172 		.ascii	"char\000"
 1560      00
 1561              	.LASF2:
 1562 015f 73686F72 		.ascii	"short int\000"
 1562      7420696E 
 1562      7400
 1563              	.LASF21:
 1564 0169 75696E74 		.ascii	"uint8\000"
 1564      3800
 1565              	.LASF4:
 1566 016f 6C6F6E67 		.ascii	"long int\000"
 1566      20696E74 
 1566      00
 1567              	.LASF0:
 1568 0178 7369676E 		.ascii	"signed char\000"
 1568      65642063 
 1568      68617200 
 1569              	.LASF20:
 1570 0184 433A5C53 		.ascii	"C:\\STORAGE\\WORK_AREA\\PSoC\\Workspace01\\Workspac"
 1570      544F5241 
 1570      47455C57 
 1570      4F524B5F 
 1570      41524541 
 1571 01b2 6530315C 		.ascii	"e01\\ESP8266_Interface.cydsn\000"
 1571      45535038 
 1571      3236365F 
 1571      496E7465 
 1571      72666163 
 1572              	.LASF19:
 1573 01ce 47656E65 		.ascii	"Generated_Source\\PSoC5\\cymetadata.c\000"
 1573      72617465 
 1573      645F536F 
 1573      75726365 
ARM GAS  C:\Users\Rahul\AppData\Local\Temp\cc3vKRIg.s 			page 30


 1573      5C50536F 
 1574              		.ident	"GCC: (GNU Tools for ARM Embedded Processors) 4.9.3 20150303 (release) [ARM/embedded-4_9-br
