ARM GAS  C:\Users\Rahul\AppData\Local\Temp\ccMB0OIE.s 			page 1


   1              		.syntax unified
   2              		.cpu cortex-m3
   3              		.fpu softvfp
   4              		.eabi_attribute 20, 1
   5              		.eabi_attribute 21, 1
   6              		.eabi_attribute 23, 3
   7              		.eabi_attribute 24, 1
   8              		.eabi_attribute 25, 1
   9              		.eabi_attribute 26, 1
  10              		.eabi_attribute 30, 1
  11              		.eabi_attribute 34, 1
  12              		.eabi_attribute 18, 4
  13              		.thumb
  14              		.file	"main.c"
  15              		.text
  16              	.Ltext0:
  17              		.cfi_sections	.debug_frame
  18              		.section	.text.main,"ax",%progbits
  19              		.align	2
  20              		.global	main
  21              		.thumb
  22              		.thumb_func
  23              		.type	main, %function
  24              	main:
  25              	.LFB63:
  26              		.file 1 "main.c"
   1:main.c        **** /* ========================================
   2:main.c        ****  *
   3:main.c        ****  * Copyright YOUR COMPANY, THE YEAR
   4:main.c        ****  * All Rights Reserved
   5:main.c        ****  * UNPUBLISHED, LICENSED SOFTWARE.
   6:main.c        ****  *
   7:main.c        ****  * CONFIDENTIAL AND PROPRIETARY INFORMATION
   8:main.c        ****  * WHICH IS THE PROPERTY OF your company.
   9:main.c        ****  *
  10:main.c        ****  * ========================================
  11:main.c        **** */
  12:main.c        **** #include "project.h"
  13:main.c        **** #include "ESP8266.h"
  14:main.c        **** 
  15:main.c        **** int main(void)
  16:main.c        **** {
  27              		.loc 1 16 0
  28              		.cfi_startproc
  29              		@ args = 0, pretend = 0, frame = 16
  30              		@ frame_needed = 0, uses_anonymous_args = 0
  31 0000 30B5     		push	{r4, r5, lr}
  32              		.cfi_def_cfa_offset 12
  33              		.cfi_offset 4, -12
  34              		.cfi_offset 5, -8
  35              		.cfi_offset 14, -4
  36 0002 85B0     		sub	sp, sp, #20
  37              		.cfi_def_cfa_offset 32
  17:main.c        ****     CyGlobalIntEnable; /* Enable global interrupts. */
  38              		.loc 1 17 0
  39              	@ 17 "main.c" 1
  40 0004 62B6     		CPSIE   i
ARM GAS  C:\Users\Rahul\AppData\Local\Temp\ccMB0OIE.s 			page 2


  41              	@ 0 "" 2
  42              	.LVL0:
  18:main.c        **** 
  19:main.c        ****     /* Place your initialization/startup code here (e.g. MyInst_Start()) */
  20:main.c        ****     uint16_t inc_counter = 0x0000,
  21:main.c        ****              dec_counter = 0xFFFF;
  22:main.c        ****     
  23:main.c        ****     uint8_t buffer[10] = {0};
  43              		.loc 1 23 0
  44              		.thumb
  45 0006 0023     		movs	r3, #0
  46 0008 0193     		str	r3, [sp, #4]
  47 000a 0293     		str	r3, [sp, #8]
  48 000c ADF80C30 		strh	r3, [sp, #12]	@ movhi
  24:main.c        ****     
  25:main.c        ****     
  26:main.c        ****     LOG_Start();
  49              		.loc 1 26 0
  50 0010 FFF7FEFF 		bl	LOG_Start
  51              	.LVL1:
  27:main.c        ****     
  28:main.c        ****     CyDelay(3000);
  52              		.loc 1 28 0
  53 0014 40F6B830 		movw	r0, #3000
  54 0018 FFF7FEFF 		bl	CyDelay
  55              	.LVL2:
  29:main.c        ****     
  30:main.c        ****      LOG_ClearTxBuffer();
  56              		.loc 1 30 0
  57 001c FFF7FEFF 		bl	LOG_ClearTxBuffer
  58              	.LVL3:
  31:main.c        ****     
  32:main.c        ****     LOG_PutString("\nInitializing ESP8266...");
  59              		.loc 1 32 0
  60 0020 1B48     		ldr	r0, .L7
  61 0022 FFF7FEFF 		bl	LOG_PutString
  62              	.LVL4:
  33:main.c        ****     
  34:main.c        ****     if (0 > ESP8266_Init())
  63              		.loc 1 34 0
  64 0026 FFF7FEFF 		bl	ESP8266_Init
  65              	.LVL5:
  66 002a 0028     		cmp	r0, #0
  67 002c 28DB     		blt	.L5
  35:main.c        ****     {
  36:main.c        ****         LOG_PutString("\nESP8266 Initialization Failed!");
  37:main.c        ****         return -1;
  38:main.c        ****     }
  39:main.c        ****     
  40:main.c        ****     LOG_PutString("\nESP8266 Initialized!");
  68              		.loc 1 40 0
  69 002e 1948     		ldr	r0, .L7+4
  70 0030 FFF7FEFF 		bl	LOG_PutString
  71              	.LVL6:
  21:main.c        ****     
  72              		.loc 1 21 0
  73 0034 4FF6FF75 		movw	r5, #65535
ARM GAS  C:\Users\Rahul\AppData\Local\Temp\ccMB0OIE.s 			page 3


  20:main.c        ****              dec_counter = 0xFFFF;
  74              		.loc 1 20 0
  75 0038 0024     		movs	r4, #0
  76              	.LVL7:
  77              	.L3:
  41:main.c        ****     
  42:main.c        ****     for (;;)
  43:main.c        ****     {
  44:main.c        ****         /* Place your application code here. */
  45:main.c        ****             CyDelay(1000);
  78              		.loc 1 45 0 discriminator 1
  79 003a 4FF47A70 		mov	r0, #1000
  80 003e FFF7FEFF 		bl	CyDelay
  81              	.LVL8:
  46:main.c        ****             
  47:main.c        ****             inc_counter++;
  82              		.loc 1 47 0 discriminator 1
  83 0042 0134     		adds	r4, r4, #1
  84              	.LVL9:
  85 0044 A4B2     		uxth	r4, r4
  86              	.LVL10:
  48:main.c        ****             dec_counter--;
  87              		.loc 1 48 0 discriminator 1
  88 0046 013D     		subs	r5, r5, #1
  89              	.LVL11:
  90 0048 ADB2     		uxth	r5, r5
  91              	.LVL12:
  49:main.c        ****         
  50:main.c        ****             //Network order - Big Endian
  51:main.c        ****             LOG_PutString("\nSending...!");
  92              		.loc 1 51 0 discriminator 1
  93 004a 1348     		ldr	r0, .L7+8
  94 004c FFF7FEFF 		bl	LOG_PutString
  95              	.LVL13:
  52:main.c        ****             
  53:main.c        ****             buffer[0] = 'i';
  96              		.loc 1 53 0 discriminator 1
  97 0050 6923     		movs	r3, #105
  98 0052 8DF80430 		strb	r3, [sp, #4]
  54:main.c        ****             buffer[1] = ((inc_counter >> 8) & 0xFF);
  99              		.loc 1 54 0 discriminator 1
 100 0056 230A     		lsrs	r3, r4, #8
 101 0058 8DF80530 		strb	r3, [sp, #5]
  55:main.c        ****             buffer[2] = (inc_counter & 0xFF);
 102              		.loc 1 55 0 discriminator 1
 103 005c 8DF80640 		strb	r4, [sp, #6]
  56:main.c        ****             
  57:main.c        ****             buffer[3] = 'd';
 104              		.loc 1 57 0 discriminator 1
 105 0060 6423     		movs	r3, #100
 106 0062 8DF80730 		strb	r3, [sp, #7]
  58:main.c        ****             buffer[4] = ((dec_counter >> 8) & 0xFF);
 107              		.loc 1 58 0 discriminator 1
 108 0066 2B0A     		lsrs	r3, r5, #8
 109 0068 8DF80830 		strb	r3, [sp, #8]
  59:main.c        ****             buffer[5] = (dec_counter & 0xFF);
 110              		.loc 1 59 0 discriminator 1
ARM GAS  C:\Users\Rahul\AppData\Local\Temp\ccMB0OIE.s 			page 4


 111 006c 8DF80950 		strb	r5, [sp, #9]
  60:main.c        **** 
  61:main.c        ****             ESP8266_Send(buffer, 6);
 112              		.loc 1 61 0 discriminator 1
 113 0070 01A8     		add	r0, sp, #4
 114 0072 0621     		movs	r1, #6
 115 0074 FFF7FEFF 		bl	ESP8266_Send
 116              	.LVL14:
  62:main.c        ****             
  63:main.c        ****             LOG_PutString("\nSent!");
 117              		.loc 1 63 0 discriminator 1
 118 0078 0848     		ldr	r0, .L7+12
 119 007a FFF7FEFF 		bl	LOG_PutString
 120              	.LVL15:
  64:main.c        ****     
  65:main.c        ****     }
 121              		.loc 1 65 0 discriminator 1
 122 007e DCE7     		b	.L3
 123              	.LVL16:
 124              	.L5:
  36:main.c        ****         return -1;
 125              		.loc 1 36 0
 126 0080 0748     		ldr	r0, .L7+16
 127 0082 FFF7FEFF 		bl	LOG_PutString
 128              	.LVL17:
  66:main.c        **** }
 129              		.loc 1 66 0
 130 0086 4FF0FF30 		mov	r0, #-1
 131 008a 05B0     		add	sp, sp, #20
 132              		.cfi_def_cfa_offset 12
 133              		@ sp needed
 134 008c 30BD     		pop	{r4, r5, pc}
 135              	.L8:
 136 008e 00BF     		.align	2
 137              	.L7:
 138 0090 00000000 		.word	.LC0
 139 0094 3C000000 		.word	.LC2
 140 0098 54000000 		.word	.LC3
 141 009c 64000000 		.word	.LC4
 142 00a0 1C000000 		.word	.LC1
 143              		.cfi_endproc
 144              	.LFE63:
 145              		.size	main, .-main
 146              		.section	.rodata.str1.4,"aMS",%progbits,1
 147              		.align	2
 148              	.LC0:
 149 0000 0A496E69 		.ascii	"\012Initializing ESP8266...\000"
 149      7469616C 
 149      697A696E 
 149      67204553 
 149      50383236 
 150 0019 000000   		.space	3
 151              	.LC1:
 152 001c 0A455350 		.ascii	"\012ESP8266 Initialization Failed!\000"
 152      38323636 
 152      20496E69 
 152      7469616C 
ARM GAS  C:\Users\Rahul\AppData\Local\Temp\ccMB0OIE.s 			page 5


 152      697A6174 
 153              	.LC2:
 154 003c 0A455350 		.ascii	"\012ESP8266 Initialized!\000"
 154      38323636 
 154      20496E69 
 154      7469616C 
 154      697A6564 
 155 0052 0000     		.space	2
 156              	.LC3:
 157 0054 0A53656E 		.ascii	"\012Sending...!\000"
 157      64696E67 
 157      2E2E2E21 
 157      00
 158 0061 000000   		.space	3
 159              	.LC4:
 160 0064 0A53656E 		.ascii	"\012Sent!\000"
 160      742100
 161 006b 00       		.text
 162              	.Letext0:
 163              		.file 2 "c:\\program files (x86)\\cypress\\psoc creator\\4.0\\psoc creator\\import\\gnu\\arm\\4.9.
 164              		.file 3 "c:\\program files (x86)\\cypress\\psoc creator\\4.0\\psoc creator\\import\\gnu\\arm\\4.9.
 165              		.file 4 "Generated_Source\\PSoC5/cytypes.h"
 166              		.file 5 "Generated_Source\\PSoC5/LOG.h"
 167              		.file 6 "Generated_Source\\PSoC5/CyLib.h"
 168              		.file 7 "ESP8266.h"
 169              		.file 8 "Generated_Source\\PSoC5/core_cm3.h"
 170              		.section	.debug_info,"",%progbits
 171              	.Ldebug_info0:
 172 0000 7E020000 		.4byte	0x27e
 173 0004 0400     		.2byte	0x4
 174 0006 00000000 		.4byte	.Ldebug_abbrev0
 175 000a 04       		.byte	0x4
 176 000b 01       		.uleb128 0x1
 177 000c C1000000 		.4byte	.LASF29
 178 0010 01       		.byte	0x1
 179 0011 9A010000 		.4byte	.LASF30
 180 0015 E1010000 		.4byte	.LASF31
 181 0019 00000000 		.4byte	.Ldebug_ranges0+0
 182 001d 00000000 		.4byte	0
 183 0021 00000000 		.4byte	.Ldebug_line0
 184 0025 02       		.uleb128 0x2
 185 0026 01       		.byte	0x1
 186 0027 06       		.byte	0x6
 187 0028 D5010000 		.4byte	.LASF0
 188 002c 03       		.uleb128 0x3
 189 002d 00000000 		.4byte	.LASF3
 190 0031 02       		.byte	0x2
 191 0032 1D       		.byte	0x1d
 192 0033 37000000 		.4byte	0x37
 193 0037 02       		.uleb128 0x2
 194 0038 01       		.byte	0x1
 195 0039 08       		.byte	0x8
 196 003a 3E000000 		.4byte	.LASF1
 197 003e 02       		.uleb128 0x2
 198 003f 02       		.byte	0x2
 199 0040 05       		.byte	0x5
 200 0041 A6010000 		.4byte	.LASF2
ARM GAS  C:\Users\Rahul\AppData\Local\Temp\ccMB0OIE.s 			page 6


 201 0045 03       		.uleb128 0x3
 202 0046 A3000000 		.4byte	.LASF4
 203 004a 02       		.byte	0x2
 204 004b 2B       		.byte	0x2b
 205 004c 50000000 		.4byte	0x50
 206 0050 02       		.uleb128 0x2
 207 0051 02       		.byte	0x2
 208 0052 07       		.byte	0x7
 209 0053 64000000 		.4byte	.LASF5
 210 0057 03       		.uleb128 0x3
 211 0058 16000000 		.4byte	.LASF6
 212 005c 02       		.byte	0x2
 213 005d 3F       		.byte	0x3f
 214 005e 62000000 		.4byte	0x62
 215 0062 02       		.uleb128 0x2
 216 0063 04       		.byte	0x4
 217 0064 05       		.byte	0x5
 218 0065 C0010000 		.4byte	.LASF7
 219 0069 02       		.uleb128 0x2
 220 006a 04       		.byte	0x4
 221 006b 07       		.byte	0x7
 222 006c 52000000 		.4byte	.LASF8
 223 0070 02       		.uleb128 0x2
 224 0071 08       		.byte	0x8
 225 0072 05       		.byte	0x5
 226 0073 8C010000 		.4byte	.LASF9
 227 0077 02       		.uleb128 0x2
 228 0078 08       		.byte	0x8
 229 0079 07       		.byte	0x7
 230 007a 5C010000 		.4byte	.LASF10
 231 007e 04       		.uleb128 0x4
 232 007f 04       		.byte	0x4
 233 0080 05       		.byte	0x5
 234 0081 696E7400 		.ascii	"int\000"
 235 0085 02       		.uleb128 0x2
 236 0086 04       		.byte	0x4
 237 0087 07       		.byte	0x7
 238 0088 4F010000 		.4byte	.LASF11
 239 008c 03       		.uleb128 0x3
 240 008d 73010000 		.4byte	.LASF12
 241 0091 03       		.byte	0x3
 242 0092 15       		.byte	0x15
 243 0093 2C000000 		.4byte	0x2c
 244 0097 03       		.uleb128 0x3
 245 0098 B7010000 		.4byte	.LASF13
 246 009c 03       		.byte	0x3
 247 009d 21       		.byte	0x21
 248 009e 45000000 		.4byte	0x45
 249 00a2 03       		.uleb128 0x3
 250 00a3 7B010000 		.4byte	.LASF14
 251 00a7 03       		.byte	0x3
 252 00a8 2C       		.byte	0x2c
 253 00a9 57000000 		.4byte	0x57
 254 00ad 05       		.uleb128 0x5
 255 00ae BA000000 		.4byte	.LASF15
 256 00b2 04       		.byte	0x4
 257 00b3 9401     		.2byte	0x194
ARM GAS  C:\Users\Rahul\AppData\Local\Temp\ccMB0OIE.s 			page 7


 258 00b5 69000000 		.4byte	0x69
 259 00b9 02       		.uleb128 0x2
 260 00ba 04       		.byte	0x4
 261 00bb 04       		.byte	0x4
 262 00bc 38000000 		.4byte	.LASF16
 263 00c0 02       		.uleb128 0x2
 264 00c1 08       		.byte	0x8
 265 00c2 04       		.byte	0x4
 266 00c3 AE000000 		.4byte	.LASF17
 267 00c7 05       		.uleb128 0x5
 268 00c8 4C000000 		.4byte	.LASF18
 269 00cc 04       		.byte	0x4
 270 00cd A301     		.2byte	0x1a3
 271 00cf D3000000 		.4byte	0xd3
 272 00d3 02       		.uleb128 0x2
 273 00d4 01       		.byte	0x1
 274 00d5 08       		.byte	0x8
 275 00d6 A1010000 		.4byte	.LASF19
 276 00da 02       		.uleb128 0x2
 277 00db 04       		.byte	0x4
 278 00dc 07       		.byte	0x7
 279 00dd 83010000 		.4byte	.LASF20
 280 00e1 06       		.uleb128 0x6
 281 00e2 B5000000 		.4byte	.LASF32
 282 00e6 01       		.byte	0x1
 283 00e7 0F       		.byte	0xf
 284 00e8 7E000000 		.4byte	0x7e
 285 00ec 00000000 		.4byte	.LFB63
 286 00f0 A4000000 		.4byte	.LFE63-.LFB63
 287 00f4 01       		.uleb128 0x1
 288 00f5 9C       		.byte	0x9c
 289 00f6 F4010000 		.4byte	0x1f4
 290 00fa 07       		.uleb128 0x7
 291 00fb 0A000000 		.4byte	.LASF21
 292 00ff 01       		.byte	0x1
 293 0100 14       		.byte	0x14
 294 0101 97000000 		.4byte	0x97
 295 0105 00000000 		.4byte	.LLST0
 296 0109 07       		.uleb128 0x7
 297 010a C9010000 		.4byte	.LASF22
 298 010e 01       		.byte	0x1
 299 010f 15       		.byte	0x15
 300 0110 97000000 		.4byte	0x97
 301 0114 36000000 		.4byte	.LLST1
 302 0118 08       		.uleb128 0x8
 303 0119 B0010000 		.4byte	.LASF23
 304 011d 01       		.byte	0x1
 305 011e 17       		.byte	0x17
 306 011f F4010000 		.4byte	0x1f4
 307 0123 02       		.uleb128 0x2
 308 0124 91       		.byte	0x91
 309 0125 64       		.sleb128 -28
 310 0126 09       		.uleb128 0x9
 311 0127 14000000 		.4byte	.LVL1
 312 012b 15020000 		.4byte	0x215
 313 012f 0A       		.uleb128 0xa
 314 0130 1C000000 		.4byte	.LVL2
ARM GAS  C:\Users\Rahul\AppData\Local\Temp\ccMB0OIE.s 			page 8


 315 0134 1C020000 		.4byte	0x21c
 316 0138 44010000 		.4byte	0x144
 317 013c 0B       		.uleb128 0xb
 318 013d 01       		.uleb128 0x1
 319 013e 50       		.byte	0x50
 320 013f 03       		.uleb128 0x3
 321 0140 0A       		.byte	0xa
 322 0141 B80B     		.2byte	0xbb8
 323 0143 00       		.byte	0
 324 0144 09       		.uleb128 0x9
 325 0145 20000000 		.4byte	.LVL3
 326 0149 2D020000 		.4byte	0x22d
 327 014d 0A       		.uleb128 0xa
 328 014e 26000000 		.4byte	.LVL4
 329 0152 34020000 		.4byte	0x234
 330 0156 64010000 		.4byte	0x164
 331 015a 0B       		.uleb128 0xb
 332 015b 01       		.uleb128 0x1
 333 015c 50       		.byte	0x50
 334 015d 05       		.uleb128 0x5
 335 015e 03       		.byte	0x3
 336 015f 00000000 		.4byte	.LC0
 337 0163 00       		.byte	0
 338 0164 09       		.uleb128 0x9
 339 0165 2A000000 		.4byte	.LVL5
 340 0169 50020000 		.4byte	0x250
 341 016d 0A       		.uleb128 0xa
 342 016e 34000000 		.4byte	.LVL6
 343 0172 34020000 		.4byte	0x234
 344 0176 84010000 		.4byte	0x184
 345 017a 0B       		.uleb128 0xb
 346 017b 01       		.uleb128 0x1
 347 017c 50       		.byte	0x50
 348 017d 05       		.uleb128 0x5
 349 017e 03       		.byte	0x3
 350 017f 3C000000 		.4byte	.LC2
 351 0183 00       		.byte	0
 352 0184 0A       		.uleb128 0xa
 353 0185 42000000 		.4byte	.LVL8
 354 0189 1C020000 		.4byte	0x21c
 355 018d 99010000 		.4byte	0x199
 356 0191 0B       		.uleb128 0xb
 357 0192 01       		.uleb128 0x1
 358 0193 50       		.byte	0x50
 359 0194 03       		.uleb128 0x3
 360 0195 0A       		.byte	0xa
 361 0196 E803     		.2byte	0x3e8
 362 0198 00       		.byte	0
 363 0199 0A       		.uleb128 0xa
 364 019a 50000000 		.4byte	.LVL13
 365 019e 34020000 		.4byte	0x234
 366 01a2 B0010000 		.4byte	0x1b0
 367 01a6 0B       		.uleb128 0xb
 368 01a7 01       		.uleb128 0x1
 369 01a8 50       		.byte	0x50
 370 01a9 05       		.uleb128 0x5
 371 01aa 03       		.byte	0x3
ARM GAS  C:\Users\Rahul\AppData\Local\Temp\ccMB0OIE.s 			page 9


 372 01ab 54000000 		.4byte	.LC3
 373 01af 00       		.byte	0
 374 01b0 0A       		.uleb128 0xa
 375 01b1 78000000 		.4byte	.LVL14
 376 01b5 61020000 		.4byte	0x261
 377 01b9 C9010000 		.4byte	0x1c9
 378 01bd 0B       		.uleb128 0xb
 379 01be 01       		.uleb128 0x1
 380 01bf 51       		.byte	0x51
 381 01c0 01       		.uleb128 0x1
 382 01c1 36       		.byte	0x36
 383 01c2 0B       		.uleb128 0xb
 384 01c3 01       		.uleb128 0x1
 385 01c4 50       		.byte	0x50
 386 01c5 02       		.uleb128 0x2
 387 01c6 91       		.byte	0x91
 388 01c7 64       		.sleb128 -28
 389 01c8 00       		.byte	0
 390 01c9 0A       		.uleb128 0xa
 391 01ca 7E000000 		.4byte	.LVL15
 392 01ce 34020000 		.4byte	0x234
 393 01d2 E0010000 		.4byte	0x1e0
 394 01d6 0B       		.uleb128 0xb
 395 01d7 01       		.uleb128 0x1
 396 01d8 50       		.byte	0x50
 397 01d9 05       		.uleb128 0x5
 398 01da 03       		.byte	0x3
 399 01db 64000000 		.4byte	.LC4
 400 01df 00       		.byte	0
 401 01e0 0C       		.uleb128 0xc
 402 01e1 86000000 		.4byte	.LVL17
 403 01e5 34020000 		.4byte	0x234
 404 01e9 0B       		.uleb128 0xb
 405 01ea 01       		.uleb128 0x1
 406 01eb 50       		.byte	0x50
 407 01ec 05       		.uleb128 0x5
 408 01ed 03       		.byte	0x3
 409 01ee 1C000000 		.4byte	.LC1
 410 01f2 00       		.byte	0
 411 01f3 00       		.byte	0
 412 01f4 0D       		.uleb128 0xd
 413 01f5 8C000000 		.4byte	0x8c
 414 01f9 04020000 		.4byte	0x204
 415 01fd 0E       		.uleb128 0xe
 416 01fe DA000000 		.4byte	0xda
 417 0202 09       		.byte	0x9
 418 0203 00       		.byte	0
 419 0204 0F       		.uleb128 0xf
 420 0205 89000000 		.4byte	.LASF33
 421 0209 08       		.byte	0x8
 422 020a 9606     		.2byte	0x696
 423 020c 10020000 		.4byte	0x210
 424 0210 10       		.uleb128 0x10
 425 0211 A2000000 		.4byte	0xa2
 426 0215 11       		.uleb128 0x11
 427 0216 2E000000 		.4byte	.LASF24
 428 021a 05       		.byte	0x5
ARM GAS  C:\Users\Rahul\AppData\Local\Temp\ccMB0OIE.s 			page 10


 429 021b 54       		.byte	0x54
 430 021c 12       		.uleb128 0x12
 431 021d 38020000 		.4byte	.LASF26
 432 0221 06       		.byte	0x6
 433 0222 76       		.byte	0x76
 434 0223 2D020000 		.4byte	0x22d
 435 0227 13       		.uleb128 0x13
 436 0228 AD000000 		.4byte	0xad
 437 022c 00       		.byte	0
 438 022d 11       		.uleb128 0x11
 439 022e 77000000 		.4byte	.LASF25
 440 0232 05       		.byte	0x5
 441 0233 8F       		.byte	0x8f
 442 0234 12       		.uleb128 0x12
 443 0235 20000000 		.4byte	.LASF27
 444 0239 05       		.byte	0x5
 445 023a 8B       		.byte	0x8b
 446 023b 45020000 		.4byte	0x245
 447 023f 13       		.uleb128 0x13
 448 0240 45020000 		.4byte	0x245
 449 0244 00       		.byte	0
 450 0245 14       		.uleb128 0x14
 451 0246 04       		.byte	0x4
 452 0247 4B020000 		.4byte	0x24b
 453 024b 15       		.uleb128 0x15
 454 024c C7000000 		.4byte	0xc7
 455 0250 16       		.uleb128 0x16
 456 0251 96000000 		.4byte	.LASF28
 457 0255 07       		.byte	0x7
 458 0256 1D       		.byte	0x1d
 459 0257 A2000000 		.4byte	0xa2
 460 025b 61020000 		.4byte	0x261
 461 025f 17       		.uleb128 0x17
 462 0260 00       		.byte	0
 463 0261 18       		.uleb128 0x18
 464 0262 2B020000 		.4byte	.LASF34
 465 0266 07       		.byte	0x7
 466 0267 1F       		.byte	0x1f
 467 0268 A2000000 		.4byte	0xa2
 468 026c 7B020000 		.4byte	0x27b
 469 0270 13       		.uleb128 0x13
 470 0271 7B020000 		.4byte	0x27b
 471 0275 13       		.uleb128 0x13
 472 0276 97000000 		.4byte	0x97
 473 027a 00       		.byte	0
 474 027b 14       		.uleb128 0x14
 475 027c 04       		.byte	0x4
 476 027d 8C000000 		.4byte	0x8c
 477 0281 00       		.byte	0
 478              		.section	.debug_abbrev,"",%progbits
 479              	.Ldebug_abbrev0:
 480 0000 01       		.uleb128 0x1
 481 0001 11       		.uleb128 0x11
 482 0002 01       		.byte	0x1
 483 0003 25       		.uleb128 0x25
 484 0004 0E       		.uleb128 0xe
 485 0005 13       		.uleb128 0x13
ARM GAS  C:\Users\Rahul\AppData\Local\Temp\ccMB0OIE.s 			page 11


 486 0006 0B       		.uleb128 0xb
 487 0007 03       		.uleb128 0x3
 488 0008 0E       		.uleb128 0xe
 489 0009 1B       		.uleb128 0x1b
 490 000a 0E       		.uleb128 0xe
 491 000b 55       		.uleb128 0x55
 492 000c 17       		.uleb128 0x17
 493 000d 11       		.uleb128 0x11
 494 000e 01       		.uleb128 0x1
 495 000f 10       		.uleb128 0x10
 496 0010 17       		.uleb128 0x17
 497 0011 00       		.byte	0
 498 0012 00       		.byte	0
 499 0013 02       		.uleb128 0x2
 500 0014 24       		.uleb128 0x24
 501 0015 00       		.byte	0
 502 0016 0B       		.uleb128 0xb
 503 0017 0B       		.uleb128 0xb
 504 0018 3E       		.uleb128 0x3e
 505 0019 0B       		.uleb128 0xb
 506 001a 03       		.uleb128 0x3
 507 001b 0E       		.uleb128 0xe
 508 001c 00       		.byte	0
 509 001d 00       		.byte	0
 510 001e 03       		.uleb128 0x3
 511 001f 16       		.uleb128 0x16
 512 0020 00       		.byte	0
 513 0021 03       		.uleb128 0x3
 514 0022 0E       		.uleb128 0xe
 515 0023 3A       		.uleb128 0x3a
 516 0024 0B       		.uleb128 0xb
 517 0025 3B       		.uleb128 0x3b
 518 0026 0B       		.uleb128 0xb
 519 0027 49       		.uleb128 0x49
 520 0028 13       		.uleb128 0x13
 521 0029 00       		.byte	0
 522 002a 00       		.byte	0
 523 002b 04       		.uleb128 0x4
 524 002c 24       		.uleb128 0x24
 525 002d 00       		.byte	0
 526 002e 0B       		.uleb128 0xb
 527 002f 0B       		.uleb128 0xb
 528 0030 3E       		.uleb128 0x3e
 529 0031 0B       		.uleb128 0xb
 530 0032 03       		.uleb128 0x3
 531 0033 08       		.uleb128 0x8
 532 0034 00       		.byte	0
 533 0035 00       		.byte	0
 534 0036 05       		.uleb128 0x5
 535 0037 16       		.uleb128 0x16
 536 0038 00       		.byte	0
 537 0039 03       		.uleb128 0x3
 538 003a 0E       		.uleb128 0xe
 539 003b 3A       		.uleb128 0x3a
 540 003c 0B       		.uleb128 0xb
 541 003d 3B       		.uleb128 0x3b
 542 003e 05       		.uleb128 0x5
ARM GAS  C:\Users\Rahul\AppData\Local\Temp\ccMB0OIE.s 			page 12


 543 003f 49       		.uleb128 0x49
 544 0040 13       		.uleb128 0x13
 545 0041 00       		.byte	0
 546 0042 00       		.byte	0
 547 0043 06       		.uleb128 0x6
 548 0044 2E       		.uleb128 0x2e
 549 0045 01       		.byte	0x1
 550 0046 3F       		.uleb128 0x3f
 551 0047 19       		.uleb128 0x19
 552 0048 03       		.uleb128 0x3
 553 0049 0E       		.uleb128 0xe
 554 004a 3A       		.uleb128 0x3a
 555 004b 0B       		.uleb128 0xb
 556 004c 3B       		.uleb128 0x3b
 557 004d 0B       		.uleb128 0xb
 558 004e 27       		.uleb128 0x27
 559 004f 19       		.uleb128 0x19
 560 0050 49       		.uleb128 0x49
 561 0051 13       		.uleb128 0x13
 562 0052 11       		.uleb128 0x11
 563 0053 01       		.uleb128 0x1
 564 0054 12       		.uleb128 0x12
 565 0055 06       		.uleb128 0x6
 566 0056 40       		.uleb128 0x40
 567 0057 18       		.uleb128 0x18
 568 0058 9742     		.uleb128 0x2117
 569 005a 19       		.uleb128 0x19
 570 005b 01       		.uleb128 0x1
 571 005c 13       		.uleb128 0x13
 572 005d 00       		.byte	0
 573 005e 00       		.byte	0
 574 005f 07       		.uleb128 0x7
 575 0060 34       		.uleb128 0x34
 576 0061 00       		.byte	0
 577 0062 03       		.uleb128 0x3
 578 0063 0E       		.uleb128 0xe
 579 0064 3A       		.uleb128 0x3a
 580 0065 0B       		.uleb128 0xb
 581 0066 3B       		.uleb128 0x3b
 582 0067 0B       		.uleb128 0xb
 583 0068 49       		.uleb128 0x49
 584 0069 13       		.uleb128 0x13
 585 006a 02       		.uleb128 0x2
 586 006b 17       		.uleb128 0x17
 587 006c 00       		.byte	0
 588 006d 00       		.byte	0
 589 006e 08       		.uleb128 0x8
 590 006f 34       		.uleb128 0x34
 591 0070 00       		.byte	0
 592 0071 03       		.uleb128 0x3
 593 0072 0E       		.uleb128 0xe
 594 0073 3A       		.uleb128 0x3a
 595 0074 0B       		.uleb128 0xb
 596 0075 3B       		.uleb128 0x3b
 597 0076 0B       		.uleb128 0xb
 598 0077 49       		.uleb128 0x49
 599 0078 13       		.uleb128 0x13
ARM GAS  C:\Users\Rahul\AppData\Local\Temp\ccMB0OIE.s 			page 13


 600 0079 02       		.uleb128 0x2
 601 007a 18       		.uleb128 0x18
 602 007b 00       		.byte	0
 603 007c 00       		.byte	0
 604 007d 09       		.uleb128 0x9
 605 007e 898201   		.uleb128 0x4109
 606 0081 00       		.byte	0
 607 0082 11       		.uleb128 0x11
 608 0083 01       		.uleb128 0x1
 609 0084 31       		.uleb128 0x31
 610 0085 13       		.uleb128 0x13
 611 0086 00       		.byte	0
 612 0087 00       		.byte	0
 613 0088 0A       		.uleb128 0xa
 614 0089 898201   		.uleb128 0x4109
 615 008c 01       		.byte	0x1
 616 008d 11       		.uleb128 0x11
 617 008e 01       		.uleb128 0x1
 618 008f 31       		.uleb128 0x31
 619 0090 13       		.uleb128 0x13
 620 0091 01       		.uleb128 0x1
 621 0092 13       		.uleb128 0x13
 622 0093 00       		.byte	0
 623 0094 00       		.byte	0
 624 0095 0B       		.uleb128 0xb
 625 0096 8A8201   		.uleb128 0x410a
 626 0099 00       		.byte	0
 627 009a 02       		.uleb128 0x2
 628 009b 18       		.uleb128 0x18
 629 009c 9142     		.uleb128 0x2111
 630 009e 18       		.uleb128 0x18
 631 009f 00       		.byte	0
 632 00a0 00       		.byte	0
 633 00a1 0C       		.uleb128 0xc
 634 00a2 898201   		.uleb128 0x4109
 635 00a5 01       		.byte	0x1
 636 00a6 11       		.uleb128 0x11
 637 00a7 01       		.uleb128 0x1
 638 00a8 31       		.uleb128 0x31
 639 00a9 13       		.uleb128 0x13
 640 00aa 00       		.byte	0
 641 00ab 00       		.byte	0
 642 00ac 0D       		.uleb128 0xd
 643 00ad 01       		.uleb128 0x1
 644 00ae 01       		.byte	0x1
 645 00af 49       		.uleb128 0x49
 646 00b0 13       		.uleb128 0x13
 647 00b1 01       		.uleb128 0x1
 648 00b2 13       		.uleb128 0x13
 649 00b3 00       		.byte	0
 650 00b4 00       		.byte	0
 651 00b5 0E       		.uleb128 0xe
 652 00b6 21       		.uleb128 0x21
 653 00b7 00       		.byte	0
 654 00b8 49       		.uleb128 0x49
 655 00b9 13       		.uleb128 0x13
 656 00ba 2F       		.uleb128 0x2f
ARM GAS  C:\Users\Rahul\AppData\Local\Temp\ccMB0OIE.s 			page 14


 657 00bb 0B       		.uleb128 0xb
 658 00bc 00       		.byte	0
 659 00bd 00       		.byte	0
 660 00be 0F       		.uleb128 0xf
 661 00bf 34       		.uleb128 0x34
 662 00c0 00       		.byte	0
 663 00c1 03       		.uleb128 0x3
 664 00c2 0E       		.uleb128 0xe
 665 00c3 3A       		.uleb128 0x3a
 666 00c4 0B       		.uleb128 0xb
 667 00c5 3B       		.uleb128 0x3b
 668 00c6 05       		.uleb128 0x5
 669 00c7 49       		.uleb128 0x49
 670 00c8 13       		.uleb128 0x13
 671 00c9 3F       		.uleb128 0x3f
 672 00ca 19       		.uleb128 0x19
 673 00cb 3C       		.uleb128 0x3c
 674 00cc 19       		.uleb128 0x19
 675 00cd 00       		.byte	0
 676 00ce 00       		.byte	0
 677 00cf 10       		.uleb128 0x10
 678 00d0 35       		.uleb128 0x35
 679 00d1 00       		.byte	0
 680 00d2 49       		.uleb128 0x49
 681 00d3 13       		.uleb128 0x13
 682 00d4 00       		.byte	0
 683 00d5 00       		.byte	0
 684 00d6 11       		.uleb128 0x11
 685 00d7 2E       		.uleb128 0x2e
 686 00d8 00       		.byte	0
 687 00d9 3F       		.uleb128 0x3f
 688 00da 19       		.uleb128 0x19
 689 00db 03       		.uleb128 0x3
 690 00dc 0E       		.uleb128 0xe
 691 00dd 3A       		.uleb128 0x3a
 692 00de 0B       		.uleb128 0xb
 693 00df 3B       		.uleb128 0x3b
 694 00e0 0B       		.uleb128 0xb
 695 00e1 27       		.uleb128 0x27
 696 00e2 19       		.uleb128 0x19
 697 00e3 3C       		.uleb128 0x3c
 698 00e4 19       		.uleb128 0x19
 699 00e5 00       		.byte	0
 700 00e6 00       		.byte	0
 701 00e7 12       		.uleb128 0x12
 702 00e8 2E       		.uleb128 0x2e
 703 00e9 01       		.byte	0x1
 704 00ea 3F       		.uleb128 0x3f
 705 00eb 19       		.uleb128 0x19
 706 00ec 03       		.uleb128 0x3
 707 00ed 0E       		.uleb128 0xe
 708 00ee 3A       		.uleb128 0x3a
 709 00ef 0B       		.uleb128 0xb
 710 00f0 3B       		.uleb128 0x3b
 711 00f1 0B       		.uleb128 0xb
 712 00f2 27       		.uleb128 0x27
 713 00f3 19       		.uleb128 0x19
ARM GAS  C:\Users\Rahul\AppData\Local\Temp\ccMB0OIE.s 			page 15


 714 00f4 3C       		.uleb128 0x3c
 715 00f5 19       		.uleb128 0x19
 716 00f6 01       		.uleb128 0x1
 717 00f7 13       		.uleb128 0x13
 718 00f8 00       		.byte	0
 719 00f9 00       		.byte	0
 720 00fa 13       		.uleb128 0x13
 721 00fb 05       		.uleb128 0x5
 722 00fc 00       		.byte	0
 723 00fd 49       		.uleb128 0x49
 724 00fe 13       		.uleb128 0x13
 725 00ff 00       		.byte	0
 726 0100 00       		.byte	0
 727 0101 14       		.uleb128 0x14
 728 0102 0F       		.uleb128 0xf
 729 0103 00       		.byte	0
 730 0104 0B       		.uleb128 0xb
 731 0105 0B       		.uleb128 0xb
 732 0106 49       		.uleb128 0x49
 733 0107 13       		.uleb128 0x13
 734 0108 00       		.byte	0
 735 0109 00       		.byte	0
 736 010a 15       		.uleb128 0x15
 737 010b 26       		.uleb128 0x26
 738 010c 00       		.byte	0
 739 010d 49       		.uleb128 0x49
 740 010e 13       		.uleb128 0x13
 741 010f 00       		.byte	0
 742 0110 00       		.byte	0
 743 0111 16       		.uleb128 0x16
 744 0112 2E       		.uleb128 0x2e
 745 0113 01       		.byte	0x1
 746 0114 3F       		.uleb128 0x3f
 747 0115 19       		.uleb128 0x19
 748 0116 03       		.uleb128 0x3
 749 0117 0E       		.uleb128 0xe
 750 0118 3A       		.uleb128 0x3a
 751 0119 0B       		.uleb128 0xb
 752 011a 3B       		.uleb128 0x3b
 753 011b 0B       		.uleb128 0xb
 754 011c 49       		.uleb128 0x49
 755 011d 13       		.uleb128 0x13
 756 011e 3C       		.uleb128 0x3c
 757 011f 19       		.uleb128 0x19
 758 0120 01       		.uleb128 0x1
 759 0121 13       		.uleb128 0x13
 760 0122 00       		.byte	0
 761 0123 00       		.byte	0
 762 0124 17       		.uleb128 0x17
 763 0125 18       		.uleb128 0x18
 764 0126 00       		.byte	0
 765 0127 00       		.byte	0
 766 0128 00       		.byte	0
 767 0129 18       		.uleb128 0x18
 768 012a 2E       		.uleb128 0x2e
 769 012b 01       		.byte	0x1
 770 012c 3F       		.uleb128 0x3f
ARM GAS  C:\Users\Rahul\AppData\Local\Temp\ccMB0OIE.s 			page 16


 771 012d 19       		.uleb128 0x19
 772 012e 03       		.uleb128 0x3
 773 012f 0E       		.uleb128 0xe
 774 0130 3A       		.uleb128 0x3a
 775 0131 0B       		.uleb128 0xb
 776 0132 3B       		.uleb128 0x3b
 777 0133 0B       		.uleb128 0xb
 778 0134 27       		.uleb128 0x27
 779 0135 19       		.uleb128 0x19
 780 0136 49       		.uleb128 0x49
 781 0137 13       		.uleb128 0x13
 782 0138 3C       		.uleb128 0x3c
 783 0139 19       		.uleb128 0x19
 784 013a 01       		.uleb128 0x1
 785 013b 13       		.uleb128 0x13
 786 013c 00       		.byte	0
 787 013d 00       		.byte	0
 788 013e 00       		.byte	0
 789              		.section	.debug_loc,"",%progbits
 790              	.Ldebug_loc0:
 791              	.LLST0:
 792 0000 06000000 		.4byte	.LVL0
 793 0004 3A000000 		.4byte	.LVL7
 794 0008 0200     		.2byte	0x2
 795 000a 30       		.byte	0x30
 796 000b 9F       		.byte	0x9f
 797 000c 3A000000 		.4byte	.LVL7
 798 0010 44000000 		.4byte	.LVL9
 799 0014 0100     		.2byte	0x1
 800 0016 54       		.byte	0x54
 801 0017 46000000 		.4byte	.LVL10
 802 001b 80000000 		.4byte	.LVL16
 803 001f 0100     		.2byte	0x1
 804 0021 54       		.byte	0x54
 805 0022 80000000 		.4byte	.LVL16
 806 0026 A4000000 		.4byte	.LFE63
 807 002a 0200     		.2byte	0x2
 808 002c 30       		.byte	0x30
 809 002d 9F       		.byte	0x9f
 810 002e 00000000 		.4byte	0
 811 0032 00000000 		.4byte	0
 812              	.LLST1:
 813 0036 06000000 		.4byte	.LVL0
 814 003a 3A000000 		.4byte	.LVL7
 815 003e 0300     		.2byte	0x3
 816 0040 09       		.byte	0x9
 817 0041 FF       		.byte	0xff
 818 0042 9F       		.byte	0x9f
 819 0043 3A000000 		.4byte	.LVL7
 820 0047 48000000 		.4byte	.LVL11
 821 004b 0100     		.2byte	0x1
 822 004d 55       		.byte	0x55
 823 004e 4A000000 		.4byte	.LVL12
 824 0052 80000000 		.4byte	.LVL16
 825 0056 0100     		.2byte	0x1
 826 0058 55       		.byte	0x55
 827 0059 80000000 		.4byte	.LVL16
ARM GAS  C:\Users\Rahul\AppData\Local\Temp\ccMB0OIE.s 			page 17


 828 005d A4000000 		.4byte	.LFE63
 829 0061 0300     		.2byte	0x3
 830 0063 09       		.byte	0x9
 831 0064 FF       		.byte	0xff
 832 0065 9F       		.byte	0x9f
 833 0066 00000000 		.4byte	0
 834 006a 00000000 		.4byte	0
 835              		.section	.debug_aranges,"",%progbits
 836 0000 1C000000 		.4byte	0x1c
 837 0004 0200     		.2byte	0x2
 838 0006 00000000 		.4byte	.Ldebug_info0
 839 000a 04       		.byte	0x4
 840 000b 00       		.byte	0
 841 000c 0000     		.2byte	0
 842 000e 0000     		.2byte	0
 843 0010 00000000 		.4byte	.LFB63
 844 0014 A4000000 		.4byte	.LFE63-.LFB63
 845 0018 00000000 		.4byte	0
 846 001c 00000000 		.4byte	0
 847              		.section	.debug_ranges,"",%progbits
 848              	.Ldebug_ranges0:
 849 0000 00000000 		.4byte	.LFB63
 850 0004 A4000000 		.4byte	.LFE63
 851 0008 00000000 		.4byte	0
 852 000c 00000000 		.4byte	0
 853              		.section	.debug_line,"",%progbits
 854              	.Ldebug_line0:
 855 0000 D2010000 		.section	.debug_str,"MS",%progbits,1
 855      02006801 
 855      00000201 
 855      FB0E0D00 
 855      01010101 
 856              	.LASF3:
 857 0000 5F5F7569 		.ascii	"__uint8_t\000"
 857      6E74385F 
 857      7400
 858              	.LASF21:
 859 000a 696E635F 		.ascii	"inc_counter\000"
 859      636F756E 
 859      74657200 
 860              	.LASF6:
 861 0016 5F5F696E 		.ascii	"__int32_t\000"
 861      7433325F 
 861      7400
 862              	.LASF27:
 863 0020 4C4F475F 		.ascii	"LOG_PutString\000"
 863      50757453 
 863      7472696E 
 863      6700
 864              	.LASF24:
 865 002e 4C4F475F 		.ascii	"LOG_Start\000"
 865      53746172 
 865      7400
 866              	.LASF16:
 867 0038 666C6F61 		.ascii	"float\000"
 867      7400
 868              	.LASF1:
ARM GAS  C:\Users\Rahul\AppData\Local\Temp\ccMB0OIE.s 			page 18


 869 003e 756E7369 		.ascii	"unsigned char\000"
 869      676E6564 
 869      20636861 
 869      7200
 870              	.LASF18:
 871 004c 63686172 		.ascii	"char8\000"
 871      3800
 872              	.LASF8:
 873 0052 6C6F6E67 		.ascii	"long unsigned int\000"
 873      20756E73 
 873      69676E65 
 873      6420696E 
 873      7400
 874              	.LASF5:
 875 0064 73686F72 		.ascii	"short unsigned int\000"
 875      7420756E 
 875      7369676E 
 875      65642069 
 875      6E7400
 876              	.LASF25:
 877 0077 4C4F475F 		.ascii	"LOG_ClearTxBuffer\000"
 877      436C6561 
 877      72547842 
 877      75666665 
 877      7200
 878              	.LASF33:
 879 0089 49544D5F 		.ascii	"ITM_RxBuffer\000"
 879      52784275 
 879      66666572 
 879      00
 880              	.LASF28:
 881 0096 45535038 		.ascii	"ESP8266_Init\000"
 881      3236365F 
 881      496E6974 
 881      00
 882              	.LASF4:
 883 00a3 5F5F7569 		.ascii	"__uint16_t\000"
 883      6E743136 
 883      5F7400
 884              	.LASF17:
 885 00ae 646F7562 		.ascii	"double\000"
 885      6C6500
 886              	.LASF32:
 887 00b5 6D61696E 		.ascii	"main\000"
 887      00
 888              	.LASF15:
 889 00ba 75696E74 		.ascii	"uint32\000"
 889      333200
 890              	.LASF29:
 891 00c1 474E5520 		.ascii	"GNU C 4.9.3 20150303 (release) [ARM/embedded-4_9-br"
 891      4320342E 
 891      392E3320 
 891      32303135 
 891      30333033 
 892 00f4 616E6368 		.ascii	"anch revision 221220] -mcpu=cortex-m3 -mthumb -g -O"
 892      20726576 
 892      6973696F 
ARM GAS  C:\Users\Rahul\AppData\Local\Temp\ccMB0OIE.s 			page 19


 892      6E203232 
 892      31323230 
 893 0127 67202D66 		.ascii	"g -ffunction-sections -ffat-lto-objects\000"
 893      66756E63 
 893      74696F6E 
 893      2D736563 
 893      74696F6E 
 894              	.LASF11:
 895 014f 756E7369 		.ascii	"unsigned int\000"
 895      676E6564 
 895      20696E74 
 895      00
 896              	.LASF10:
 897 015c 6C6F6E67 		.ascii	"long long unsigned int\000"
 897      206C6F6E 
 897      6720756E 
 897      7369676E 
 897      65642069 
 898              	.LASF12:
 899 0173 75696E74 		.ascii	"uint8_t\000"
 899      385F7400 
 900              	.LASF14:
 901 017b 696E7433 		.ascii	"int32_t\000"
 901      325F7400 
 902              	.LASF20:
 903 0183 73697A65 		.ascii	"sizetype\000"
 903      74797065 
 903      00
 904              	.LASF9:
 905 018c 6C6F6E67 		.ascii	"long long int\000"
 905      206C6F6E 
 905      6720696E 
 905      7400
 906              	.LASF30:
 907 019a 6D61696E 		.ascii	"main.c\000"
 907      2E6300
 908              	.LASF19:
 909 01a1 63686172 		.ascii	"char\000"
 909      00
 910              	.LASF2:
 911 01a6 73686F72 		.ascii	"short int\000"
 911      7420696E 
 911      7400
 912              	.LASF23:
 913 01b0 62756666 		.ascii	"buffer\000"
 913      657200
 914              	.LASF13:
 915 01b7 75696E74 		.ascii	"uint16_t\000"
 915      31365F74 
 915      00
 916              	.LASF7:
 917 01c0 6C6F6E67 		.ascii	"long int\000"
 917      20696E74 
 917      00
 918              	.LASF22:
 919 01c9 6465635F 		.ascii	"dec_counter\000"
 919      636F756E 
ARM GAS  C:\Users\Rahul\AppData\Local\Temp\ccMB0OIE.s 			page 20


 919      74657200 
 920              	.LASF0:
 921 01d5 7369676E 		.ascii	"signed char\000"
 921      65642063 
 921      68617200 
 922              	.LASF31:
 923 01e1 433A5C53 		.ascii	"C:\\STORAGE\\WORK_AREA\\PSoC\\Workspace01\\Workspac"
 923      544F5241 
 923      47455C57 
 923      4F524B5F 
 923      41524541 
 924 020f 6530315C 		.ascii	"e01\\ESP8266_Interface.cydsn\000"
 924      45535038 
 924      3236365F 
 924      496E7465 
 924      72666163 
 925              	.LASF34:
 926 022b 45535038 		.ascii	"ESP8266_Send\000"
 926      3236365F 
 926      53656E64 
 926      00
 927              	.LASF26:
 928 0238 43794465 		.ascii	"CyDelay\000"
 928      6C617900 
 929              		.ident	"GCC: (GNU Tools for ARM Embedded Processors) 4.9.3 20150303 (release) [ARM/embedded-4_9-br
