ARM GAS  C:\Users\Rahul\AppData\Local\Temp\ccu2IX7d.s 			page 1


   1              		.syntax unified
   2              		.cpu cortex-m3
   3              		.fpu softvfp
   4              		.eabi_attribute 20, 1
   5              		.eabi_attribute 21, 1
   6              		.eabi_attribute 23, 3
   7              		.eabi_attribute 24, 1
   8              		.eabi_attribute 25, 1
   9              		.eabi_attribute 26, 1
  10              		.eabi_attribute 30, 1
  11              		.eabi_attribute 34, 1
  12              		.eabi_attribute 18, 4
  13              		.thumb
  14              		.file	"WIFIdev_Channel_INT.c"
  15              		.text
  16              	.Ltext0:
  17              		.cfi_sections	.debug_frame
  18              		.section	.text.WIFIdev_Channel_RXISR,"ax",%progbits
  19              		.align	2
  20              		.global	WIFIdev_Channel_RXISR
  21              		.thumb
  22              		.thumb_func
  23              		.type	WIFIdev_Channel_RXISR, %function
  24              	WIFIdev_Channel_RXISR:
  25              	.LFB0:
  26              		.file 1 "Generated_Source\\PSoC5\\WIFIdev_Channel_INT.c"
   1:Generated_Source\PSoC5/WIFIdev_Channel_INT.c **** /*******************************************************************************
   2:Generated_Source\PSoC5/WIFIdev_Channel_INT.c **** * File Name: WIFIdev_ChannelINT.c
   3:Generated_Source\PSoC5/WIFIdev_Channel_INT.c **** * Version 2.50
   4:Generated_Source\PSoC5/WIFIdev_Channel_INT.c **** *
   5:Generated_Source\PSoC5/WIFIdev_Channel_INT.c **** * Description:
   6:Generated_Source\PSoC5/WIFIdev_Channel_INT.c **** *  This file provides all Interrupt Service functionality of the UART component
   7:Generated_Source\PSoC5/WIFIdev_Channel_INT.c **** *
   8:Generated_Source\PSoC5/WIFIdev_Channel_INT.c **** ********************************************************************************
   9:Generated_Source\PSoC5/WIFIdev_Channel_INT.c **** * Copyright 2008-2015, Cypress Semiconductor Corporation.  All rights reserved.
  10:Generated_Source\PSoC5/WIFIdev_Channel_INT.c **** * You may use this file only in accordance with the license, terms, conditions,
  11:Generated_Source\PSoC5/WIFIdev_Channel_INT.c **** * disclaimers, and limitations in the end user license agreement accompanying
  12:Generated_Source\PSoC5/WIFIdev_Channel_INT.c **** * the software package with which this file was provided.
  13:Generated_Source\PSoC5/WIFIdev_Channel_INT.c **** *******************************************************************************/
  14:Generated_Source\PSoC5/WIFIdev_Channel_INT.c **** 
  15:Generated_Source\PSoC5/WIFIdev_Channel_INT.c **** #include "WIFIdev_Channel.h"
  16:Generated_Source\PSoC5/WIFIdev_Channel_INT.c **** #include "cyapicallbacks.h"
  17:Generated_Source\PSoC5/WIFIdev_Channel_INT.c **** 
  18:Generated_Source\PSoC5/WIFIdev_Channel_INT.c **** 
  19:Generated_Source\PSoC5/WIFIdev_Channel_INT.c **** /***************************************
  20:Generated_Source\PSoC5/WIFIdev_Channel_INT.c **** * Custom Declarations
  21:Generated_Source\PSoC5/WIFIdev_Channel_INT.c **** ***************************************/
  22:Generated_Source\PSoC5/WIFIdev_Channel_INT.c **** /* `#START CUSTOM_DECLARATIONS` Place your declaration here */
  23:Generated_Source\PSoC5/WIFIdev_Channel_INT.c **** 
  24:Generated_Source\PSoC5/WIFIdev_Channel_INT.c **** /* `#END` */
  25:Generated_Source\PSoC5/WIFIdev_Channel_INT.c **** 
  26:Generated_Source\PSoC5/WIFIdev_Channel_INT.c **** #if (WIFIdev_Channel_RX_INTERRUPT_ENABLED && (WIFIdev_Channel_RX_ENABLED || WIFIdev_Channel_HD_ENAB
  27:Generated_Source\PSoC5/WIFIdev_Channel_INT.c ****     /*******************************************************************************
  28:Generated_Source\PSoC5/WIFIdev_Channel_INT.c ****     * Function Name: WIFIdev_Channel_RXISR
  29:Generated_Source\PSoC5/WIFIdev_Channel_INT.c ****     ********************************************************************************
  30:Generated_Source\PSoC5/WIFIdev_Channel_INT.c ****     *
  31:Generated_Source\PSoC5/WIFIdev_Channel_INT.c ****     * Summary:
ARM GAS  C:\Users\Rahul\AppData\Local\Temp\ccu2IX7d.s 			page 2


  32:Generated_Source\PSoC5/WIFIdev_Channel_INT.c ****     *  Interrupt Service Routine for RX portion of the UART
  33:Generated_Source\PSoC5/WIFIdev_Channel_INT.c ****     *
  34:Generated_Source\PSoC5/WIFIdev_Channel_INT.c ****     * Parameters:
  35:Generated_Source\PSoC5/WIFIdev_Channel_INT.c ****     *  None.
  36:Generated_Source\PSoC5/WIFIdev_Channel_INT.c ****     *
  37:Generated_Source\PSoC5/WIFIdev_Channel_INT.c ****     * Return:
  38:Generated_Source\PSoC5/WIFIdev_Channel_INT.c ****     *  None.
  39:Generated_Source\PSoC5/WIFIdev_Channel_INT.c ****     *
  40:Generated_Source\PSoC5/WIFIdev_Channel_INT.c ****     * Global Variables:
  41:Generated_Source\PSoC5/WIFIdev_Channel_INT.c ****     *  WIFIdev_Channel_rxBuffer - RAM buffer pointer for save received data.
  42:Generated_Source\PSoC5/WIFIdev_Channel_INT.c ****     *  WIFIdev_Channel_rxBufferWrite - cyclic index for write to rxBuffer,
  43:Generated_Source\PSoC5/WIFIdev_Channel_INT.c ****     *     increments after each byte saved to buffer.
  44:Generated_Source\PSoC5/WIFIdev_Channel_INT.c ****     *  WIFIdev_Channel_rxBufferRead - cyclic index for read from rxBuffer,
  45:Generated_Source\PSoC5/WIFIdev_Channel_INT.c ****     *     checked to detect overflow condition.
  46:Generated_Source\PSoC5/WIFIdev_Channel_INT.c ****     *  WIFIdev_Channel_rxBufferOverflow - software overflow flag. Set to one
  47:Generated_Source\PSoC5/WIFIdev_Channel_INT.c ****     *     when WIFIdev_Channel_rxBufferWrite index overtakes
  48:Generated_Source\PSoC5/WIFIdev_Channel_INT.c ****     *     WIFIdev_Channel_rxBufferRead index.
  49:Generated_Source\PSoC5/WIFIdev_Channel_INT.c ****     *  WIFIdev_Channel_rxBufferLoopDetect - additional variable to detect overflow.
  50:Generated_Source\PSoC5/WIFIdev_Channel_INT.c ****     *     Set to one when WIFIdev_Channel_rxBufferWrite is equal to
  51:Generated_Source\PSoC5/WIFIdev_Channel_INT.c ****     *    WIFIdev_Channel_rxBufferRead
  52:Generated_Source\PSoC5/WIFIdev_Channel_INT.c ****     *  WIFIdev_Channel_rxAddressMode - this variable contains the Address mode,
  53:Generated_Source\PSoC5/WIFIdev_Channel_INT.c ****     *     selected in customizer or set by UART_SetRxAddressMode() API.
  54:Generated_Source\PSoC5/WIFIdev_Channel_INT.c ****     *  WIFIdev_Channel_rxAddressDetected - set to 1 when correct address received,
  55:Generated_Source\PSoC5/WIFIdev_Channel_INT.c ****     *     and analysed to store following addressed data bytes to the buffer.
  56:Generated_Source\PSoC5/WIFIdev_Channel_INT.c ****     *     When not correct address received, set to 0 to skip following data bytes.
  57:Generated_Source\PSoC5/WIFIdev_Channel_INT.c ****     *
  58:Generated_Source\PSoC5/WIFIdev_Channel_INT.c ****     *******************************************************************************/
  59:Generated_Source\PSoC5/WIFIdev_Channel_INT.c ****     CY_ISR(WIFIdev_Channel_RXISR)
  60:Generated_Source\PSoC5/WIFIdev_Channel_INT.c ****     {
  27              		.loc 1 60 0
  28              		.cfi_startproc
  29              		@ args = 0, pretend = 0, frame = 0
  30              		@ frame_needed = 0, uses_anonymous_args = 0
  31              		@ link register save eliminated.
  32              	.L6:
  61:Generated_Source\PSoC5/WIFIdev_Channel_INT.c ****         uint8 readData;
  62:Generated_Source\PSoC5/WIFIdev_Channel_INT.c ****         uint8 readStatus;
  63:Generated_Source\PSoC5/WIFIdev_Channel_INT.c ****         uint8 increment_pointer = 0u;
  64:Generated_Source\PSoC5/WIFIdev_Channel_INT.c **** 
  65:Generated_Source\PSoC5/WIFIdev_Channel_INT.c ****     #if(CY_PSOC3)
  66:Generated_Source\PSoC5/WIFIdev_Channel_INT.c ****         uint8 int_en;
  67:Generated_Source\PSoC5/WIFIdev_Channel_INT.c ****     #endif /* (CY_PSOC3) */
  68:Generated_Source\PSoC5/WIFIdev_Channel_INT.c **** 
  69:Generated_Source\PSoC5/WIFIdev_Channel_INT.c ****     #ifdef WIFIdev_Channel_RXISR_ENTRY_CALLBACK
  70:Generated_Source\PSoC5/WIFIdev_Channel_INT.c ****         WIFIdev_Channel_RXISR_EntryCallback();
  71:Generated_Source\PSoC5/WIFIdev_Channel_INT.c ****     #endif /* WIFIdev_Channel_RXISR_ENTRY_CALLBACK */
  72:Generated_Source\PSoC5/WIFIdev_Channel_INT.c **** 
  73:Generated_Source\PSoC5/WIFIdev_Channel_INT.c ****         /* User code required at start of ISR */
  74:Generated_Source\PSoC5/WIFIdev_Channel_INT.c ****         /* `#START WIFIdev_Channel_RXISR_START` */
  75:Generated_Source\PSoC5/WIFIdev_Channel_INT.c **** 
  76:Generated_Source\PSoC5/WIFIdev_Channel_INT.c ****         /* `#END` */
  77:Generated_Source\PSoC5/WIFIdev_Channel_INT.c **** 
  78:Generated_Source\PSoC5/WIFIdev_Channel_INT.c ****     #if(CY_PSOC3)   /* Make sure nested interrupt is enabled */
  79:Generated_Source\PSoC5/WIFIdev_Channel_INT.c ****         int_en = EA;
  80:Generated_Source\PSoC5/WIFIdev_Channel_INT.c ****         CyGlobalIntEnable;
  81:Generated_Source\PSoC5/WIFIdev_Channel_INT.c ****     #endif /* (CY_PSOC3) */
  82:Generated_Source\PSoC5/WIFIdev_Channel_INT.c **** 
ARM GAS  C:\Users\Rahul\AppData\Local\Temp\ccu2IX7d.s 			page 3


  83:Generated_Source\PSoC5/WIFIdev_Channel_INT.c ****         do
  84:Generated_Source\PSoC5/WIFIdev_Channel_INT.c ****         {
  85:Generated_Source\PSoC5/WIFIdev_Channel_INT.c ****             /* Read receiver status register */
  86:Generated_Source\PSoC5/WIFIdev_Channel_INT.c ****             readStatus = WIFIdev_Channel_RXSTATUS_REG;
  33              		.loc 1 86 0
  34 0000 1C4B     		ldr	r3, .L7
  35 0002 1B78     		ldrb	r3, [r3]	@ zero_extendqisi2
  36 0004 DBB2     		uxtb	r3, r3
  37              	.LVL0:
  87:Generated_Source\PSoC5/WIFIdev_Channel_INT.c ****             /* Copy the same status to readData variable for backward compatibility support 
  88:Generated_Source\PSoC5/WIFIdev_Channel_INT.c ****             *  of the user code in WIFIdev_Channel_RXISR_ERROR` section. 
  89:Generated_Source\PSoC5/WIFIdev_Channel_INT.c ****             */
  90:Generated_Source\PSoC5/WIFIdev_Channel_INT.c ****             readData = readStatus;
  91:Generated_Source\PSoC5/WIFIdev_Channel_INT.c **** 
  92:Generated_Source\PSoC5/WIFIdev_Channel_INT.c ****             if((readStatus & (WIFIdev_Channel_RX_STS_BREAK | 
  38              		.loc 1 92 0
  39 0006 13F01E0F 		tst	r3, #30
  40 000a 05D0     		beq	.L2
  93:Generated_Source\PSoC5/WIFIdev_Channel_INT.c ****                             WIFIdev_Channel_RX_STS_PAR_ERROR |
  94:Generated_Source\PSoC5/WIFIdev_Channel_INT.c ****                             WIFIdev_Channel_RX_STS_STOP_ERROR | 
  95:Generated_Source\PSoC5/WIFIdev_Channel_INT.c ****                             WIFIdev_Channel_RX_STS_OVERRUN)) != 0u)
  96:Generated_Source\PSoC5/WIFIdev_Channel_INT.c ****             {
  97:Generated_Source\PSoC5/WIFIdev_Channel_INT.c ****                 /* ERROR handling. */
  98:Generated_Source\PSoC5/WIFIdev_Channel_INT.c ****                 WIFIdev_Channel_errorStatus |= readStatus & ( WIFIdev_Channel_RX_STS_BREAK | 
  41              		.loc 1 98 0
  42 000c 1A48     		ldr	r0, .L7+4
  43 000e 03F01E02 		and	r2, r3, #30
  44 0012 0178     		ldrb	r1, [r0]	@ zero_extendqisi2
  45 0014 0A43     		orrs	r2, r2, r1
  46 0016 0270     		strb	r2, [r0]
  47              	.L2:
  99:Generated_Source\PSoC5/WIFIdev_Channel_INT.c ****                                                             WIFIdev_Channel_RX_STS_PAR_ERROR | 
 100:Generated_Source\PSoC5/WIFIdev_Channel_INT.c ****                                                             WIFIdev_Channel_RX_STS_STOP_ERROR | 
 101:Generated_Source\PSoC5/WIFIdev_Channel_INT.c ****                                                             WIFIdev_Channel_RX_STS_OVERRUN);
 102:Generated_Source\PSoC5/WIFIdev_Channel_INT.c ****                 /* `#START WIFIdev_Channel_RXISR_ERROR` */
 103:Generated_Source\PSoC5/WIFIdev_Channel_INT.c **** 
 104:Generated_Source\PSoC5/WIFIdev_Channel_INT.c ****                 /* `#END` */
 105:Generated_Source\PSoC5/WIFIdev_Channel_INT.c ****                 
 106:Generated_Source\PSoC5/WIFIdev_Channel_INT.c ****             #ifdef WIFIdev_Channel_RXISR_ERROR_CALLBACK
 107:Generated_Source\PSoC5/WIFIdev_Channel_INT.c ****                 WIFIdev_Channel_RXISR_ERROR_Callback();
 108:Generated_Source\PSoC5/WIFIdev_Channel_INT.c ****             #endif /* WIFIdev_Channel_RXISR_ERROR_CALLBACK */
 109:Generated_Source\PSoC5/WIFIdev_Channel_INT.c ****             }
 110:Generated_Source\PSoC5/WIFIdev_Channel_INT.c ****             
 111:Generated_Source\PSoC5/WIFIdev_Channel_INT.c ****             if((readStatus & WIFIdev_Channel_RX_STS_FIFO_NOTEMPTY) != 0u)
  48              		.loc 1 111 0
  49 0018 03F02003 		and	r3, r3, #32
  50              	.LVL1:
  51 001c 03F0FF02 		and	r2, r3, #255
  52 0020 2BB3     		cbz	r3, .L3
 112:Generated_Source\PSoC5/WIFIdev_Channel_INT.c ****             {
 113:Generated_Source\PSoC5/WIFIdev_Channel_INT.c ****                 /* Read data from the RX data register */
 114:Generated_Source\PSoC5/WIFIdev_Channel_INT.c ****                 readData = WIFIdev_Channel_RXDATA_REG;
  53              		.loc 1 114 0
  54 0022 164B     		ldr	r3, .L7+8
  55 0024 1978     		ldrb	r1, [r3]	@ zero_extendqisi2
  56 0026 C9B2     		uxtb	r1, r1
  57              	.LVL2:
ARM GAS  C:\Users\Rahul\AppData\Local\Temp\ccu2IX7d.s 			page 4


 115:Generated_Source\PSoC5/WIFIdev_Channel_INT.c ****             #if (WIFIdev_Channel_RXHW_ADDRESS_ENABLED)
 116:Generated_Source\PSoC5/WIFIdev_Channel_INT.c ****                 if(WIFIdev_Channel_rxAddressMode == (uint8)WIFIdev_Channel__B_UART__AM_SW_DETECT_TO
 117:Generated_Source\PSoC5/WIFIdev_Channel_INT.c ****                 {
 118:Generated_Source\PSoC5/WIFIdev_Channel_INT.c ****                     if((readStatus & WIFIdev_Channel_RX_STS_MRKSPC) != 0u)
 119:Generated_Source\PSoC5/WIFIdev_Channel_INT.c ****                     {
 120:Generated_Source\PSoC5/WIFIdev_Channel_INT.c ****                         if ((readStatus & WIFIdev_Channel_RX_STS_ADDR_MATCH) != 0u)
 121:Generated_Source\PSoC5/WIFIdev_Channel_INT.c ****                         {
 122:Generated_Source\PSoC5/WIFIdev_Channel_INT.c ****                             WIFIdev_Channel_rxAddressDetected = 1u;
 123:Generated_Source\PSoC5/WIFIdev_Channel_INT.c ****                         }
 124:Generated_Source\PSoC5/WIFIdev_Channel_INT.c ****                         else
 125:Generated_Source\PSoC5/WIFIdev_Channel_INT.c ****                         {
 126:Generated_Source\PSoC5/WIFIdev_Channel_INT.c ****                             WIFIdev_Channel_rxAddressDetected = 0u;
 127:Generated_Source\PSoC5/WIFIdev_Channel_INT.c ****                         }
 128:Generated_Source\PSoC5/WIFIdev_Channel_INT.c ****                     }
 129:Generated_Source\PSoC5/WIFIdev_Channel_INT.c ****                     if(WIFIdev_Channel_rxAddressDetected != 0u)
 130:Generated_Source\PSoC5/WIFIdev_Channel_INT.c ****                     {   /* Store only addressed data */
 131:Generated_Source\PSoC5/WIFIdev_Channel_INT.c ****                         WIFIdev_Channel_rxBuffer[WIFIdev_Channel_rxBufferWrite] = readData;
 132:Generated_Source\PSoC5/WIFIdev_Channel_INT.c ****                         increment_pointer = 1u;
 133:Generated_Source\PSoC5/WIFIdev_Channel_INT.c ****                     }
 134:Generated_Source\PSoC5/WIFIdev_Channel_INT.c ****                 }
 135:Generated_Source\PSoC5/WIFIdev_Channel_INT.c ****                 else /* Without software addressing */
 136:Generated_Source\PSoC5/WIFIdev_Channel_INT.c ****                 {
 137:Generated_Source\PSoC5/WIFIdev_Channel_INT.c ****                     WIFIdev_Channel_rxBuffer[WIFIdev_Channel_rxBufferWrite] = readData;
 138:Generated_Source\PSoC5/WIFIdev_Channel_INT.c ****                     increment_pointer = 1u;
 139:Generated_Source\PSoC5/WIFIdev_Channel_INT.c ****                 }
 140:Generated_Source\PSoC5/WIFIdev_Channel_INT.c ****             #else  /* Without addressing */
 141:Generated_Source\PSoC5/WIFIdev_Channel_INT.c ****                 WIFIdev_Channel_rxBuffer[WIFIdev_Channel_rxBufferWrite] = readData;
  58              		.loc 1 141 0
  59 0028 154B     		ldr	r3, .L7+12
  60 002a 1B78     		ldrb	r3, [r3]	@ zero_extendqisi2
  61 002c DBB2     		uxtb	r3, r3
  62 002e 1548     		ldr	r0, .L7+16
  63 0030 C154     		strb	r1, [r0, r3]
  64              	.LVL3:
 142:Generated_Source\PSoC5/WIFIdev_Channel_INT.c ****                 increment_pointer = 1u;
 143:Generated_Source\PSoC5/WIFIdev_Channel_INT.c ****             #endif /* (WIFIdev_Channel_RXHW_ADDRESS_ENABLED) */
 144:Generated_Source\PSoC5/WIFIdev_Channel_INT.c **** 
 145:Generated_Source\PSoC5/WIFIdev_Channel_INT.c ****                 /* Do not increment buffer pointer when skip not addressed data */
 146:Generated_Source\PSoC5/WIFIdev_Channel_INT.c ****                 if(increment_pointer != 0u)
 147:Generated_Source\PSoC5/WIFIdev_Channel_INT.c ****                 {
 148:Generated_Source\PSoC5/WIFIdev_Channel_INT.c ****                     if(WIFIdev_Channel_rxBufferLoopDetect != 0u)
  65              		.loc 1 148 0
  66 0032 154B     		ldr	r3, .L7+20
  67 0034 1B78     		ldrb	r3, [r3]	@ zero_extendqisi2
  68 0036 13F0FF0F 		tst	r3, #255
  69 003a 02D0     		beq	.L4
 149:Generated_Source\PSoC5/WIFIdev_Channel_INT.c ****                     {   /* Set Software Buffer status Overflow */
 150:Generated_Source\PSoC5/WIFIdev_Channel_INT.c ****                         WIFIdev_Channel_rxBufferOverflow = 1u;
  70              		.loc 1 150 0
  71 003c 0121     		movs	r1, #1
  72              	.LVL4:
  73 003e 134B     		ldr	r3, .L7+24
  74 0040 1970     		strb	r1, [r3]
  75              	.L4:
 151:Generated_Source\PSoC5/WIFIdev_Channel_INT.c ****                     }
 152:Generated_Source\PSoC5/WIFIdev_Channel_INT.c ****                     /* Set next pointer. */
 153:Generated_Source\PSoC5/WIFIdev_Channel_INT.c ****                     WIFIdev_Channel_rxBufferWrite++;
ARM GAS  C:\Users\Rahul\AppData\Local\Temp\ccu2IX7d.s 			page 5


  76              		.loc 1 153 0
  77 0042 0F49     		ldr	r1, .L7+12
  78 0044 0B78     		ldrb	r3, [r1]	@ zero_extendqisi2
  79 0046 0133     		adds	r3, r3, #1
  80 0048 DBB2     		uxtb	r3, r3
  81 004a 0B70     		strb	r3, [r1]
 154:Generated_Source\PSoC5/WIFIdev_Channel_INT.c **** 
 155:Generated_Source\PSoC5/WIFIdev_Channel_INT.c ****                     /* Check pointer for a loop condition */
 156:Generated_Source\PSoC5/WIFIdev_Channel_INT.c ****                     if(WIFIdev_Channel_rxBufferWrite >= WIFIdev_Channel_RX_BUFFER_SIZE)
  82              		.loc 1 156 0
  83 004c 0B78     		ldrb	r3, [r1]	@ zero_extendqisi2
  84 004e DBB2     		uxtb	r3, r3
  85 0050 1F2B     		cmp	r3, #31
  86 0052 02D9     		bls	.L5
 157:Generated_Source\PSoC5/WIFIdev_Channel_INT.c ****                     {
 158:Generated_Source\PSoC5/WIFIdev_Channel_INT.c ****                         WIFIdev_Channel_rxBufferWrite = 0u;
  87              		.loc 1 158 0
  88 0054 0021     		movs	r1, #0
  89 0056 0A4B     		ldr	r3, .L7+12
  90 0058 1970     		strb	r1, [r3]
  91              	.L5:
 159:Generated_Source\PSoC5/WIFIdev_Channel_INT.c ****                     }
 160:Generated_Source\PSoC5/WIFIdev_Channel_INT.c **** 
 161:Generated_Source\PSoC5/WIFIdev_Channel_INT.c ****                     /* Detect pre-overload condition and set flag */
 162:Generated_Source\PSoC5/WIFIdev_Channel_INT.c ****                     if(WIFIdev_Channel_rxBufferWrite == WIFIdev_Channel_rxBufferRead)
  92              		.loc 1 162 0
  93 005a 094B     		ldr	r3, .L7+12
  94 005c 1B78     		ldrb	r3, [r3]	@ zero_extendqisi2
  95 005e 0C49     		ldr	r1, .L7+28
  96 0060 0978     		ldrb	r1, [r1]	@ zero_extendqisi2
  97 0062 DBB2     		uxtb	r3, r3
  98 0064 8B42     		cmp	r3, r1
  99 0066 02D1     		bne	.L3
 163:Generated_Source\PSoC5/WIFIdev_Channel_INT.c ****                     {
 164:Generated_Source\PSoC5/WIFIdev_Channel_INT.c ****                         WIFIdev_Channel_rxBufferLoopDetect = 1u;
 100              		.loc 1 164 0
 101 0068 0121     		movs	r1, #1
 102 006a 074B     		ldr	r3, .L7+20
 103 006c 1970     		strb	r1, [r3]
 104              	.LVL5:
 105              	.L3:
 165:Generated_Source\PSoC5/WIFIdev_Channel_INT.c ****                         /* When Hardware Flow Control selected */
 166:Generated_Source\PSoC5/WIFIdev_Channel_INT.c ****                         #if (WIFIdev_Channel_FLOW_CONTROL != 0u)
 167:Generated_Source\PSoC5/WIFIdev_Channel_INT.c ****                             /* Disable RX interrupt mask, it is enabled when user read data from th
 168:Generated_Source\PSoC5/WIFIdev_Channel_INT.c ****                             WIFIdev_Channel_RXSTATUS_MASK_REG  &= (uint8)~WIFIdev_Channel_RX_STS_FI
 169:Generated_Source\PSoC5/WIFIdev_Channel_INT.c ****                             CyIntClearPending(WIFIdev_Channel_RX_VECT_NUM);
 170:Generated_Source\PSoC5/WIFIdev_Channel_INT.c ****                             break; /* Break the reading of the FIFO loop, leave the data there for 
 171:Generated_Source\PSoC5/WIFIdev_Channel_INT.c ****                         #endif /* (WIFIdev_Channel_FLOW_CONTROL != 0u) */
 172:Generated_Source\PSoC5/WIFIdev_Channel_INT.c ****                     }
 173:Generated_Source\PSoC5/WIFIdev_Channel_INT.c ****                 }
 174:Generated_Source\PSoC5/WIFIdev_Channel_INT.c ****             }
 175:Generated_Source\PSoC5/WIFIdev_Channel_INT.c ****         }while((readStatus & WIFIdev_Channel_RX_STS_FIFO_NOTEMPTY) != 0u);
 106              		.loc 1 175 0
 107 006e 002A     		cmp	r2, #0
 108 0070 C6D1     		bne	.L6
 176:Generated_Source\PSoC5/WIFIdev_Channel_INT.c **** 
 177:Generated_Source\PSoC5/WIFIdev_Channel_INT.c ****         /* User code required at end of ISR (Optional) */
ARM GAS  C:\Users\Rahul\AppData\Local\Temp\ccu2IX7d.s 			page 6


 178:Generated_Source\PSoC5/WIFIdev_Channel_INT.c ****         /* `#START WIFIdev_Channel_RXISR_END` */
 179:Generated_Source\PSoC5/WIFIdev_Channel_INT.c **** 
 180:Generated_Source\PSoC5/WIFIdev_Channel_INT.c ****         /* `#END` */
 181:Generated_Source\PSoC5/WIFIdev_Channel_INT.c **** 
 182:Generated_Source\PSoC5/WIFIdev_Channel_INT.c ****     #ifdef WIFIdev_Channel_RXISR_EXIT_CALLBACK
 183:Generated_Source\PSoC5/WIFIdev_Channel_INT.c ****         WIFIdev_Channel_RXISR_ExitCallback();
 184:Generated_Source\PSoC5/WIFIdev_Channel_INT.c ****     #endif /* WIFIdev_Channel_RXISR_EXIT_CALLBACK */
 185:Generated_Source\PSoC5/WIFIdev_Channel_INT.c **** 
 186:Generated_Source\PSoC5/WIFIdev_Channel_INT.c ****     #if(CY_PSOC3)
 187:Generated_Source\PSoC5/WIFIdev_Channel_INT.c ****         EA = int_en;
 188:Generated_Source\PSoC5/WIFIdev_Channel_INT.c ****     #endif /* (CY_PSOC3) */
 189:Generated_Source\PSoC5/WIFIdev_Channel_INT.c ****     }
 109              		.loc 1 189 0
 110 0072 7047     		bx	lr
 111              	.L8:
 112              		.align	2
 113              	.L7:
 114 0074 67640040 		.word	1073767527
 115 0078 00000000 		.word	WIFIdev_Channel_errorStatus
 116 007c 46650040 		.word	1073767750
 117 0080 00000000 		.word	WIFIdev_Channel_rxBufferWrite
 118 0084 00000000 		.word	WIFIdev_Channel_rxBuffer
 119 0088 00000000 		.word	WIFIdev_Channel_rxBufferLoopDetect
 120 008c 00000000 		.word	WIFIdev_Channel_rxBufferOverflow
 121 0090 00000000 		.word	WIFIdev_Channel_rxBufferRead
 122              		.cfi_endproc
 123              	.LFE0:
 124              		.size	WIFIdev_Channel_RXISR, .-WIFIdev_Channel_RXISR
 125              		.text
 126              	.Letext0:
 127              		.file 2 "Generated_Source\\PSoC5\\cytypes.h"
 128              		.file 3 "Generated_Source\\PSoC5\\WIFIdev_Channel.h"
 129              		.section	.debug_info,"",%progbits
 130              	.Ldebug_info0:
 131 0000 41010000 		.4byte	0x141
 132 0004 0400     		.2byte	0x4
 133 0006 00000000 		.4byte	.Ldebug_abbrev0
 134 000a 04       		.byte	0x4
 135 000b 01       		.uleb128 0x1
 136 000c C9000000 		.4byte	.LASF24
 137 0010 01       		.byte	0x1
 138 0011 D2010000 		.4byte	.LASF25
 139 0015 4A000000 		.4byte	.LASF26
 140 0019 00000000 		.4byte	.Ldebug_ranges0+0
 141 001d 00000000 		.4byte	0
 142 0021 00000000 		.4byte	.Ldebug_line0
 143 0025 02       		.uleb128 0x2
 144 0026 01       		.byte	0x1
 145 0027 06       		.byte	0x6
 146 0028 C6010000 		.4byte	.LASF0
 147 002c 02       		.uleb128 0x2
 148 002d 01       		.byte	0x1
 149 002e 08       		.byte	0x8
 150 002f 57010000 		.4byte	.LASF1
 151 0033 02       		.uleb128 0x2
 152 0034 02       		.byte	0x2
 153 0035 05       		.byte	0x5
ARM GAS  C:\Users\Rahul\AppData\Local\Temp\ccu2IX7d.s 			page 7


 154 0036 8C010000 		.4byte	.LASF2
 155 003a 02       		.uleb128 0x2
 156 003b 02       		.byte	0x2
 157 003c 07       		.byte	0x7
 158 003d B3010000 		.4byte	.LASF3
 159 0041 02       		.uleb128 0x2
 160 0042 04       		.byte	0x4
 161 0043 05       		.byte	0x5
 162 0044 83010000 		.4byte	.LASF4
 163 0048 02       		.uleb128 0x2
 164 0049 04       		.byte	0x4
 165 004a 07       		.byte	0x7
 166 004b 9A000000 		.4byte	.LASF5
 167 004f 02       		.uleb128 0x2
 168 0050 08       		.byte	0x8
 169 0051 05       		.byte	0x5
 170 0052 00000000 		.4byte	.LASF6
 171 0056 02       		.uleb128 0x2
 172 0057 08       		.byte	0x8
 173 0058 07       		.byte	0x7
 174 0059 AC000000 		.4byte	.LASF7
 175 005d 03       		.uleb128 0x3
 176 005e 04       		.byte	0x4
 177 005f 05       		.byte	0x5
 178 0060 696E7400 		.ascii	"int\000"
 179 0064 02       		.uleb128 0x2
 180 0065 04       		.byte	0x4
 181 0066 07       		.byte	0x7
 182 0067 0E000000 		.4byte	.LASF8
 183 006b 04       		.uleb128 0x4
 184 006c 94000000 		.4byte	.LASF12
 185 0070 02       		.byte	0x2
 186 0071 9201     		.2byte	0x192
 187 0073 2C000000 		.4byte	0x2c
 188 0077 02       		.uleb128 0x2
 189 0078 04       		.byte	0x4
 190 0079 04       		.byte	0x4
 191 007a C3000000 		.4byte	.LASF9
 192 007e 02       		.uleb128 0x2
 193 007f 08       		.byte	0x8
 194 0080 04       		.byte	0x4
 195 0081 AC010000 		.4byte	.LASF10
 196 0085 02       		.uleb128 0x2
 197 0086 01       		.byte	0x1
 198 0087 08       		.byte	0x8
 199 0088 7E010000 		.4byte	.LASF11
 200 008c 04       		.uleb128 0x4
 201 008d 54020000 		.4byte	.LASF13
 202 0091 02       		.byte	0x2
 203 0092 3C02     		.2byte	0x23c
 204 0094 98000000 		.4byte	0x98
 205 0098 05       		.uleb128 0x5
 206 0099 6B000000 		.4byte	0x6b
 207 009d 02       		.uleb128 0x2
 208 009e 04       		.byte	0x4
 209 009f 07       		.byte	0x7
 210 00a0 2D020000 		.4byte	.LASF14
ARM GAS  C:\Users\Rahul\AppData\Local\Temp\ccu2IX7d.s 			page 8


 211 00a4 06       		.uleb128 0x6
 212 00a5 96010000 		.4byte	.LASF27
 213 00a9 01       		.byte	0x1
 214 00aa 3B       		.byte	0x3b
 215 00ab 00000000 		.4byte	.LFB0
 216 00af 94000000 		.4byte	.LFE0-.LFB0
 217 00b3 01       		.uleb128 0x1
 218 00b4 9C       		.byte	0x9c
 219 00b5 E7000000 		.4byte	0xe7
 220 00b9 07       		.uleb128 0x7
 221 00ba 59020000 		.4byte	.LASF15
 222 00be 01       		.byte	0x1
 223 00bf 3D       		.byte	0x3d
 224 00c0 6B000000 		.4byte	0x6b
 225 00c4 00000000 		.4byte	.LLST0
 226 00c8 07       		.uleb128 0x7
 227 00c9 FF010000 		.4byte	.LASF16
 228 00cd 01       		.byte	0x1
 229 00ce 3E       		.byte	0x3e
 230 00cf 6B000000 		.4byte	0x6b
 231 00d3 1E000000 		.4byte	.LLST1
 232 00d7 07       		.uleb128 0x7
 233 00d8 1B000000 		.4byte	.LASF17
 234 00dc 01       		.byte	0x1
 235 00dd 3F       		.byte	0x3f
 236 00de 6B000000 		.4byte	0x6b
 237 00e2 31000000 		.4byte	.LLST2
 238 00e6 00       		.byte	0
 239 00e7 08       		.uleb128 0x8
 240 00e8 83020000 		.4byte	.LASF18
 241 00ec 03       		.byte	0x3
 242 00ed 3D01     		.2byte	0x13d
 243 00ef 6B000000 		.4byte	0x6b
 244 00f3 09       		.uleb128 0x9
 245 00f4 6B000000 		.4byte	0x6b
 246 00f8 03010000 		.4byte	0x103
 247 00fc 0A       		.uleb128 0xa
 248 00fd 9D000000 		.4byte	0x9d
 249 0101 1F       		.byte	0x1f
 250 0102 00       		.byte	0
 251 0103 08       		.uleb128 0x8
 252 0104 65010000 		.4byte	.LASF19
 253 0108 03       		.byte	0x3
 254 0109 3E01     		.2byte	0x13e
 255 010b 0F010000 		.4byte	0x10f
 256 010f 05       		.uleb128 0x5
 257 0110 F3000000 		.4byte	0xf3
 258 0114 08       		.uleb128 0x8
 259 0115 2D000000 		.4byte	.LASF20
 260 0119 03       		.byte	0x3
 261 011a 3F01     		.2byte	0x13f
 262 011c 98000000 		.4byte	0x98
 263 0120 08       		.uleb128 0x8
 264 0121 36020000 		.4byte	.LASF21
 265 0125 03       		.byte	0x3
 266 0126 4001     		.2byte	0x140
 267 0128 98000000 		.4byte	0x98
ARM GAS  C:\Users\Rahul\AppData\Local\Temp\ccu2IX7d.s 			page 9


 268 012c 08       		.uleb128 0x8
 269 012d 0A020000 		.4byte	.LASF22
 270 0131 03       		.byte	0x3
 271 0132 4101     		.2byte	0x141
 272 0134 98000000 		.4byte	0x98
 273 0138 08       		.uleb128 0x8
 274 0139 62020000 		.4byte	.LASF23
 275 013d 03       		.byte	0x3
 276 013e 4201     		.2byte	0x142
 277 0140 98000000 		.4byte	0x98
 278 0144 00       		.byte	0
 279              		.section	.debug_abbrev,"",%progbits
 280              	.Ldebug_abbrev0:
 281 0000 01       		.uleb128 0x1
 282 0001 11       		.uleb128 0x11
 283 0002 01       		.byte	0x1
 284 0003 25       		.uleb128 0x25
 285 0004 0E       		.uleb128 0xe
 286 0005 13       		.uleb128 0x13
 287 0006 0B       		.uleb128 0xb
 288 0007 03       		.uleb128 0x3
 289 0008 0E       		.uleb128 0xe
 290 0009 1B       		.uleb128 0x1b
 291 000a 0E       		.uleb128 0xe
 292 000b 55       		.uleb128 0x55
 293 000c 17       		.uleb128 0x17
 294 000d 11       		.uleb128 0x11
 295 000e 01       		.uleb128 0x1
 296 000f 10       		.uleb128 0x10
 297 0010 17       		.uleb128 0x17
 298 0011 00       		.byte	0
 299 0012 00       		.byte	0
 300 0013 02       		.uleb128 0x2
 301 0014 24       		.uleb128 0x24
 302 0015 00       		.byte	0
 303 0016 0B       		.uleb128 0xb
 304 0017 0B       		.uleb128 0xb
 305 0018 3E       		.uleb128 0x3e
 306 0019 0B       		.uleb128 0xb
 307 001a 03       		.uleb128 0x3
 308 001b 0E       		.uleb128 0xe
 309 001c 00       		.byte	0
 310 001d 00       		.byte	0
 311 001e 03       		.uleb128 0x3
 312 001f 24       		.uleb128 0x24
 313 0020 00       		.byte	0
 314 0021 0B       		.uleb128 0xb
 315 0022 0B       		.uleb128 0xb
 316 0023 3E       		.uleb128 0x3e
 317 0024 0B       		.uleb128 0xb
 318 0025 03       		.uleb128 0x3
 319 0026 08       		.uleb128 0x8
 320 0027 00       		.byte	0
 321 0028 00       		.byte	0
 322 0029 04       		.uleb128 0x4
 323 002a 16       		.uleb128 0x16
 324 002b 00       		.byte	0
ARM GAS  C:\Users\Rahul\AppData\Local\Temp\ccu2IX7d.s 			page 10


 325 002c 03       		.uleb128 0x3
 326 002d 0E       		.uleb128 0xe
 327 002e 3A       		.uleb128 0x3a
 328 002f 0B       		.uleb128 0xb
 329 0030 3B       		.uleb128 0x3b
 330 0031 05       		.uleb128 0x5
 331 0032 49       		.uleb128 0x49
 332 0033 13       		.uleb128 0x13
 333 0034 00       		.byte	0
 334 0035 00       		.byte	0
 335 0036 05       		.uleb128 0x5
 336 0037 35       		.uleb128 0x35
 337 0038 00       		.byte	0
 338 0039 49       		.uleb128 0x49
 339 003a 13       		.uleb128 0x13
 340 003b 00       		.byte	0
 341 003c 00       		.byte	0
 342 003d 06       		.uleb128 0x6
 343 003e 2E       		.uleb128 0x2e
 344 003f 01       		.byte	0x1
 345 0040 3F       		.uleb128 0x3f
 346 0041 19       		.uleb128 0x19
 347 0042 03       		.uleb128 0x3
 348 0043 0E       		.uleb128 0xe
 349 0044 3A       		.uleb128 0x3a
 350 0045 0B       		.uleb128 0xb
 351 0046 3B       		.uleb128 0x3b
 352 0047 0B       		.uleb128 0xb
 353 0048 27       		.uleb128 0x27
 354 0049 19       		.uleb128 0x19
 355 004a 11       		.uleb128 0x11
 356 004b 01       		.uleb128 0x1
 357 004c 12       		.uleb128 0x12
 358 004d 06       		.uleb128 0x6
 359 004e 40       		.uleb128 0x40
 360 004f 18       		.uleb128 0x18
 361 0050 9742     		.uleb128 0x2117
 362 0052 19       		.uleb128 0x19
 363 0053 01       		.uleb128 0x1
 364 0054 13       		.uleb128 0x13
 365 0055 00       		.byte	0
 366 0056 00       		.byte	0
 367 0057 07       		.uleb128 0x7
 368 0058 34       		.uleb128 0x34
 369 0059 00       		.byte	0
 370 005a 03       		.uleb128 0x3
 371 005b 0E       		.uleb128 0xe
 372 005c 3A       		.uleb128 0x3a
 373 005d 0B       		.uleb128 0xb
 374 005e 3B       		.uleb128 0x3b
 375 005f 0B       		.uleb128 0xb
 376 0060 49       		.uleb128 0x49
 377 0061 13       		.uleb128 0x13
 378 0062 02       		.uleb128 0x2
 379 0063 17       		.uleb128 0x17
 380 0064 00       		.byte	0
 381 0065 00       		.byte	0
ARM GAS  C:\Users\Rahul\AppData\Local\Temp\ccu2IX7d.s 			page 11


 382 0066 08       		.uleb128 0x8
 383 0067 34       		.uleb128 0x34
 384 0068 00       		.byte	0
 385 0069 03       		.uleb128 0x3
 386 006a 0E       		.uleb128 0xe
 387 006b 3A       		.uleb128 0x3a
 388 006c 0B       		.uleb128 0xb
 389 006d 3B       		.uleb128 0x3b
 390 006e 05       		.uleb128 0x5
 391 006f 49       		.uleb128 0x49
 392 0070 13       		.uleb128 0x13
 393 0071 3F       		.uleb128 0x3f
 394 0072 19       		.uleb128 0x19
 395 0073 3C       		.uleb128 0x3c
 396 0074 19       		.uleb128 0x19
 397 0075 00       		.byte	0
 398 0076 00       		.byte	0
 399 0077 09       		.uleb128 0x9
 400 0078 01       		.uleb128 0x1
 401 0079 01       		.byte	0x1
 402 007a 49       		.uleb128 0x49
 403 007b 13       		.uleb128 0x13
 404 007c 01       		.uleb128 0x1
 405 007d 13       		.uleb128 0x13
 406 007e 00       		.byte	0
 407 007f 00       		.byte	0
 408 0080 0A       		.uleb128 0xa
 409 0081 21       		.uleb128 0x21
 410 0082 00       		.byte	0
 411 0083 49       		.uleb128 0x49
 412 0084 13       		.uleb128 0x13
 413 0085 2F       		.uleb128 0x2f
 414 0086 0B       		.uleb128 0xb
 415 0087 00       		.byte	0
 416 0088 00       		.byte	0
 417 0089 00       		.byte	0
 418              		.section	.debug_loc,"",%progbits
 419              	.Ldebug_loc0:
 420              	.LLST0:
 421 0000 06000000 		.4byte	.LVL0
 422 0004 1C000000 		.4byte	.LVL1
 423 0008 0100     		.2byte	0x1
 424 000a 53       		.byte	0x53
 425 000b 28000000 		.4byte	.LVL2
 426 000f 3E000000 		.4byte	.LVL4
 427 0013 0100     		.2byte	0x1
 428 0015 51       		.byte	0x51
 429 0016 00000000 		.4byte	0
 430 001a 00000000 		.4byte	0
 431              	.LLST1:
 432 001e 06000000 		.4byte	.LVL0
 433 0022 1C000000 		.4byte	.LVL1
 434 0026 0100     		.2byte	0x1
 435 0028 53       		.byte	0x53
 436 0029 00000000 		.4byte	0
 437 002d 00000000 		.4byte	0
 438              	.LLST2:
ARM GAS  C:\Users\Rahul\AppData\Local\Temp\ccu2IX7d.s 			page 12


 439 0031 32000000 		.4byte	.LVL3
 440 0035 6E000000 		.4byte	.LVL5
 441 0039 0200     		.2byte	0x2
 442 003b 31       		.byte	0x31
 443 003c 9F       		.byte	0x9f
 444 003d 00000000 		.4byte	0
 445 0041 00000000 		.4byte	0
 446              		.section	.debug_aranges,"",%progbits
 447 0000 1C000000 		.4byte	0x1c
 448 0004 0200     		.2byte	0x2
 449 0006 00000000 		.4byte	.Ldebug_info0
 450 000a 04       		.byte	0x4
 451 000b 00       		.byte	0
 452 000c 0000     		.2byte	0
 453 000e 0000     		.2byte	0
 454 0010 00000000 		.4byte	.LFB0
 455 0014 94000000 		.4byte	.LFE0-.LFB0
 456 0018 00000000 		.4byte	0
 457 001c 00000000 		.4byte	0
 458              		.section	.debug_ranges,"",%progbits
 459              	.Ldebug_ranges0:
 460 0000 00000000 		.4byte	.LFB0
 461 0004 94000000 		.4byte	.LFE0
 462 0008 00000000 		.4byte	0
 463 000c 00000000 		.4byte	0
 464              		.section	.debug_line,"",%progbits
 465              	.Ldebug_line0:
 466 0000 92000000 		.section	.debug_str,"MS",%progbits,1
 466      02006500 
 466      00000201 
 466      FB0E0D00 
 466      01010101 
 467              	.LASF6:
 468 0000 6C6F6E67 		.ascii	"long long int\000"
 468      206C6F6E 
 468      6720696E 
 468      7400
 469              	.LASF8:
 470 000e 756E7369 		.ascii	"unsigned int\000"
 470      676E6564 
 470      20696E74 
 470      00
 471              	.LASF17:
 472 001b 696E6372 		.ascii	"increment_pointer\000"
 472      656D656E 
 472      745F706F 
 472      696E7465 
 472      7200
 473              	.LASF20:
 474 002d 57494649 		.ascii	"WIFIdev_Channel_rxBufferRead\000"
 474      6465765F 
 474      4368616E 
 474      6E656C5F 
 474      72784275 
 475              	.LASF26:
 476 004a 433A5C53 		.ascii	"C:\\STORAGE\\WORK_AREA\\PSoC\\Workspace01\\Workspac"
 476      544F5241 
ARM GAS  C:\Users\Rahul\AppData\Local\Temp\ccu2IX7d.s 			page 13


 476      47455C57 
 476      4F524B5F 
 476      41524541 
 477 0078 6530315C 		.ascii	"e01\\ESP8266_Interface.cydsn\000"
 477      45535038 
 477      3236365F 
 477      496E7465 
 477      72666163 
 478              	.LASF12:
 479 0094 75696E74 		.ascii	"uint8\000"
 479      3800
 480              	.LASF5:
 481 009a 6C6F6E67 		.ascii	"long unsigned int\000"
 481      20756E73 
 481      69676E65 
 481      6420696E 
 481      7400
 482              	.LASF7:
 483 00ac 6C6F6E67 		.ascii	"long long unsigned int\000"
 483      206C6F6E 
 483      6720756E 
 483      7369676E 
 483      65642069 
 484              	.LASF9:
 485 00c3 666C6F61 		.ascii	"float\000"
 485      7400
 486              	.LASF24:
 487 00c9 474E5520 		.ascii	"GNU C 4.9.3 20150303 (release) [ARM/embedded-4_9-br"
 487      4320342E 
 487      392E3320 
 487      32303135 
 487      30333033 
 488 00fc 616E6368 		.ascii	"anch revision 221220] -mcpu=cortex-m3 -mthumb -g -O"
 488      20726576 
 488      6973696F 
 488      6E203232 
 488      31323230 
 489 012f 67202D66 		.ascii	"g -ffunction-sections -ffat-lto-objects\000"
 489      66756E63 
 489      74696F6E 
 489      2D736563 
 489      74696F6E 
 490              	.LASF1:
 491 0157 756E7369 		.ascii	"unsigned char\000"
 491      676E6564 
 491      20636861 
 491      7200
 492              	.LASF19:
 493 0165 57494649 		.ascii	"WIFIdev_Channel_rxBuffer\000"
 493      6465765F 
 493      4368616E 
 493      6E656C5F 
 493      72784275 
 494              	.LASF11:
 495 017e 63686172 		.ascii	"char\000"
 495      00
 496              	.LASF4:
ARM GAS  C:\Users\Rahul\AppData\Local\Temp\ccu2IX7d.s 			page 14


 497 0183 6C6F6E67 		.ascii	"long int\000"
 497      20696E74 
 497      00
 498              	.LASF2:
 499 018c 73686F72 		.ascii	"short int\000"
 499      7420696E 
 499      7400
 500              	.LASF27:
 501 0196 57494649 		.ascii	"WIFIdev_Channel_RXISR\000"
 501      6465765F 
 501      4368616E 
 501      6E656C5F 
 501      52584953 
 502              	.LASF10:
 503 01ac 646F7562 		.ascii	"double\000"
 503      6C6500
 504              	.LASF3:
 505 01b3 73686F72 		.ascii	"short unsigned int\000"
 505      7420756E 
 505      7369676E 
 505      65642069 
 505      6E7400
 506              	.LASF0:
 507 01c6 7369676E 		.ascii	"signed char\000"
 507      65642063 
 507      68617200 
 508              	.LASF25:
 509 01d2 47656E65 		.ascii	"Generated_Source\\PSoC5\\WIFIdev_Channel_INT.c\000"
 509      72617465 
 509      645F536F 
 509      75726365 
 509      5C50536F 
 510              	.LASF16:
 511 01ff 72656164 		.ascii	"readStatus\000"
 511      53746174 
 511      757300
 512              	.LASF22:
 513 020a 57494649 		.ascii	"WIFIdev_Channel_rxBufferLoopDetect\000"
 513      6465765F 
 513      4368616E 
 513      6E656C5F 
 513      72784275 
 514              	.LASF14:
 515 022d 73697A65 		.ascii	"sizetype\000"
 515      74797065 
 515      00
 516              	.LASF21:
 517 0236 57494649 		.ascii	"WIFIdev_Channel_rxBufferWrite\000"
 517      6465765F 
 517      4368616E 
 517      6E656C5F 
 517      72784275 
 518              	.LASF13:
 519 0254 72656738 		.ascii	"reg8\000"
 519      00
 520              	.LASF15:
 521 0259 72656164 		.ascii	"readData\000"
ARM GAS  C:\Users\Rahul\AppData\Local\Temp\ccu2IX7d.s 			page 15


 521      44617461 
 521      00
 522              	.LASF23:
 523 0262 57494649 		.ascii	"WIFIdev_Channel_rxBufferOverflow\000"
 523      6465765F 
 523      4368616E 
 523      6E656C5F 
 523      72784275 
 524              	.LASF18:
 525 0283 57494649 		.ascii	"WIFIdev_Channel_errorStatus\000"
 525      6465765F 
 525      4368616E 
 525      6E656C5F 
 525      6572726F 
 526              		.ident	"GCC: (GNU Tools for ARM Embedded Processors) 4.9.3 20150303 (release) [ARM/embedded-4_9-br
